
Showing logs for build [32mjstrachan-nodey460-master-6tpd6-12[0m stage [32mfrom-build-pack[0m and container [32mstep-credential-initializer-6xxqt[0m
{"level":"info","ts":1591115760.9286177,"logger":"fallback-logger","caller":"logging/config.go:69","msg":"Fetch GitHub commit ID from kodata failed: open /var/run/ko/refs/heads/0.8.0-ns-support: no such file or directory"}
{"level":"info","ts":1591115760.9290483,"logger":"fallback-logger","caller":"creds-init/main.go:40","msg":"Credentials initialized."}

Showing logs for build [32mjstrachan-nodey460-master-6tpd6-12[0m stage [32mfrom-build-pack[0m and container [32mstep-working-dir-initializer-drq4s[0m
{"level":"info","ts":1591115761.5707147,"logger":"fallback-logger","caller":"logging/config.go:69","msg":"Fetch GitHub commit ID from kodata failed: open /var/run/ko/HEAD: no such file or directory"}
{"level":"info","ts":1591115761.5719147,"logger":"fallback-logger","caller":"bash/main.go:64","msg":"Successfully executed command \"sh -c mkdir -p /workspace/source\"; output "}

Showing logs for build [32mjstrachan-nodey460-master-6tpd6-12[0m stage [32mfrom-build-pack[0m and container [32mstep-place-tools[0m

Showing logs for build [32mjstrachan-nodey460-master-6tpd6-12[0m stage [32mfrom-build-pack[0m and container [32mstep-git-source-jstrachan-nodey460-master-6tpd6-mlqz6[0m
{"level":"info","ts":1591115767.6742141,"logger":"fallback-logger","caller":"logging/config.go:69","msg":"Fetch GitHub commit ID from kodata failed: open /var/run/ko/refs/heads/0.8.0-ns-support: no such file or directory"}
{"level":"info","ts":1591115768.8614974,"logger":"fallback-logger","caller":"git/git.go:103","msg":"Successfully cloned https://github.com/jstrachan/nodey460.git @ v1.0.18 in path /workspace/source"}

Showing logs for build [32mjstrachan-nodey460-master-6tpd6-12[0m stage [32mfrom-build-pack[0m and container [32mstep-git-merge[0m
Using SHAs from PULL_REFS=master:
WARNING: no SHAs to merge, falling back to initial cloned commit

Showing logs for build [32mjstrachan-nodey460-master-6tpd6-12[0m stage [32mfrom-build-pack[0m and container [32mstep-setup-jx-git-credentials[0m
Generated Git credentials file /workspace/xdg_config/git/credentials

Showing logs for build [32mjstrachan-nodey460-master-6tpd6-12[0m stage [32mfrom-build-pack[0m and container [32mstep-build-npmrc[0m
Command "credential" is deprecated, it will be removed on Jun 1 2020.  This is replaced by Tekton's mounted secrets
WARNING: failed to find Secret npm-token in namespace **

Showing logs for build [32mjstrachan-nodey460-master-6tpd6-12[0m stage [32mfrom-build-pack[0m and container [32mstep-build-npm-install[0m
npm notice created a lockfile as package-lock.json. You should commit this file.
npm WARN REPLACE_ME@1.0.18 No repository field.
npm WARN REPLACE_ME@1.0.18 No license field.

up to date in 0.363s
found 0 vulnerabilities


Showing logs for build [32mjstrachan-nodey460-master-6tpd6-12[0m stage [32mfrom-build-pack[0m and container [32mstep-build-npm-test[0m

> REPLACE_ME@1.0.18 test /workspace/source
> echo "no test specified" && exit 0

no test specified

Showing logs for build [32mjstrachan-nodey460-master-6tpd6-12[0m stage [32mfrom-build-pack[0m and container [32mstep-build-container-build[0m
ERROR: logging before flag.Parse: E0602 16:36:20.005954      11 metadata.go:241] Failed to unmarshal scopes: json: cannot unmarshal string into Go value of type []string
[36mINFO[0m[0000] Resolved base name node:9-slim to node:9-slim 
[36mINFO[0m[0000] Using dockerignore file: /workspace/source/.dockerignore 
[36mINFO[0m[0000] Resolved base name node:9-slim to node:9-slim 
[36mINFO[0m[0000] Retrieving image manifest node:9-slim        
ERROR: logging before flag.Parse: E0602 16:36:20.365947      11 metadata.go:142] while reading 'google-dockercfg' metadata: http status code: 404 while fetching url http://metadata.google.internal./computeMetadata/v1/instance/attributes/google-dockercfg
ERROR: logging before flag.Parse: E0602 16:36:20.368131      11 metadata.go:159] while reading 'google-dockercfg-url' metadata: http status code: 404 while fetching url http://metadata.google.internal./computeMetadata/v1/instance/attributes/google-dockercfg-url
[36mINFO[0m[0001] Retrieving image manifest node:9-slim        
[36mINFO[0m[0003] Built cross stage deps: map[]                
[36mINFO[0m[0003] Retrieving image manifest node:9-slim        
[36mINFO[0m[0003] Retrieving image manifest node:9-slim        
[36mINFO[0m[0004] cmd: EXPOSE                                  
[36mINFO[0m[0004] Adding exposed port: 8080/tcp                
[36mINFO[0m[0005] Checking for cached layer gcr.io/jstrachan-multicluster/cache:55c3d6fc24ea06f7220e770b98885021c261d29fe60c909bcd022a0402566c72... 
[36mINFO[0m[0005] No cached layer found for cmd COPY . .       
[36mINFO[0m[0005] Unpacking rootfs as cmd COPY . . requires it. 
[36mINFO[0m[0010] Taking snapshot of full filesystem...        
[36mINFO[0m[0011] Resolving paths                              
[36mINFO[0m[0013] ENV PORT 8080                                
[36mINFO[0m[0013] No files changed in this command, skipping snapshotting. 
[36mINFO[0m[0013] EXPOSE 8080                                  
[36mINFO[0m[0013] cmd: EXPOSE                                  
[36mINFO[0m[0013] Adding exposed port: 8080/tcp                
[36mINFO[0m[0013] No files changed in this command, skipping snapshotting. 
[36mINFO[0m[0013] WORKDIR /usr/src/app                         
[36mINFO[0m[0013] cmd: workdir                                 
[36mINFO[0m[0013] Changed working directory to /usr/src/app    
[36mINFO[0m[0013] Creating directory /usr/src/app              
[36mINFO[0m[0013] Resolving paths                              
[36mINFO[0m[0013] Taking snapshot of files...                  
[36mINFO[0m[0013] COPY . .                                     
[36mINFO[0m[0013] Resolving paths                              
[36mINFO[0m[0013] Taking snapshot of files...                  
[36mINFO[0m[0013] CMD ["npm", "start"]                         
[36mINFO[0m[0013] No files changed in this command, skipping snapshotting. 
[36mINFO[0m[0013] Pushing layer gcr.io/jstrachan-multicluster/cache:55c3d6fc24ea06f7220e770b98885021c261d29fe60c909bcd022a0402566c72 to cache now 

Showing logs for build [32mjstrachan-nodey460-master-6tpd6-12[0m stage [32mfrom-build-pack[0m and container [32mstep-promote-changelog[0m
Converted /workspace/source/charts/nodey460 to an unshallow repository
Generating change log from git ref 7aecd633013f105bdec5cdccac9118c7c89ac62b => ee8cc97375d21c2e9b3a2482b7a7bc7fd8c172ee
Associating user x-0 in users.jenkins.io with email jenkins-x@googlegroups.com to git GitProvider user with login -0 as emails match
Adding label jenkins.io/git-github-userid=-0 to user x-0 in users.jenkins.io
WARNING: Failed to enrich commit 393e0c09ca7f958dd4e571a187ad521be583e793 with issues: User.jenkins.io "x-0" is in*****: metadata.labels: In***** value: "-0": a ***** label must be an empty string or consist of alphanumeric characters, '-', '_' or '.', and must start and end with an alphanumeric character (e.g. 'MyValue',  or 'my_value',  or '12345', regex used for *****ation is '(([A-Za-z0-9][-A-Za-z0-9_.]*)?[A-Za-z0-9])?')
Associating user x-0 in users.jenkins.io with email jenkins-x@googlegroups.com to git GitProvider user with login -0 as emails match
Adding label jenkins.io/git-github-userid=-0 to user x-0 in users.jenkins.io
WARNING: Failed to enrich commit 393e0c09ca7f958dd4e571a187ad521be583e793 with issues: User.jenkins.io "x-0" is in*****: metadata.labels: In***** value: "-0": a ***** label must be an empty string or consist of alphanumeric characters, '-', '_' or '.', and must start and end with an alphanumeric character (e.g. 'MyValue',  or 'my_value',  or '12345', regex used for *****ation is '(([A-Za-z0-9][-A-Za-z0-9_.]*)?[A-Za-z0-9])?')
Finding issues in commit messages using git format
Associating user x-0 in users.jenkins.io with email jenkins-x@googlegroups.com to git GitProvider user with login -0 as emails match
Adding label jenkins.io/git-github-userid=-0 to user x-0 in users.jenkins.io
WARNING: Failed to enrich commit 4505f094b0e38a12e456de0c9ad988a199ca6f91 with issues: User.jenkins.io "x-0" is in*****: metadata.labels: In***** value: "-0": a ***** label must be an empty string or consist of alphanumeric characters, '-', '_' or '.', and must start and end with an alphanumeric character (e.g. 'MyValue',  or 'my_value',  or '12345', regex used for *****ation is '(([A-Za-z0-9][-A-Za-z0-9_.]*)?[A-Za-z0-9])?')
Associating user x-0 in users.jenkins.io with email jenkins-x@googlegroups.com to git GitProvider user with login -0 as emails match
Adding label jenkins.io/git-github-userid=-0 to user x-0 in users.jenkins.io
WARNING: Failed to enrich commit 4505f094b0e38a12e456de0c9ad988a199ca6f91 with issues: User.jenkins.io "x-0" is in*****: metadata.labels: In***** value: "-0": a ***** label must be an empty string or consist of alphanumeric characters, '-', '_' or '.', and must start and end with an alphanumeric character (e.g. 'MyValue',  or 'my_value',  or '12345', regex used for *****ation is '(([A-Za-z0-9][-A-Za-z0-9_.]*)?[A-Za-z0-9])?')
WARNING: No release found for jstrachan/nodey460 and tag v1.0.18 so creating a new release
Updated the release information at https://github.com/jstrachan/nodey460/releases/tag/v1.0.18
generated: /workspace/source/charts/nodey460/templates/release.yaml
Created Release nodey460-1-0-18 resource in namespace **
Updating PipelineActivity jstrachan-nodey460-master-12 with version 1.0.18
Updated PipelineActivities jstrachan-nodey460-master-12 with release notes URL: https://github.com/jstrachan/nodey460/releases/tag/v1.0.18

Showing logs for build [32mjstrachan-nodey460-master-6tpd6-12[0m stage [32mfrom-build-pack[0m and container [32mstep-promote-helm-release[0m
Adding missing Helm repo: storage.googleapis.com https://storage.googleapis.com/chartmuseum.jenkins-x.io
Successfully added Helm repository storage.googleapis.com.
Adding missing Helm repo: bucketrepo http://bucketrepo/bucketrepo/charts/
Successfully added Helm repository bucketrepo.
Uploading chart file nodey460-1.0.18.tgz to http://bucketrepo/bucketrepo/charts/api/charts
Received 200 response: 

Showing logs for build [32mjstrachan-nodey460-master-6tpd6-12[0m stage [32mfrom-build-pack[0m and container [32mstep-promote-jx-promote[0m
WARNING: prow based install so skip waiting for the merge of Pull Requests to go green as currently there is an issue with gettingstatuses from the PR, see https://github.com/jenkins-x/**/issues/2410
WARNING: No $CHART_REPOSITORY defined so using the default value of: http://jenkins-x-chartmuseum:8080
Promoting app nodey460 version 1.0.18 to namespace **-staging
WARNING: could not find upstream git URL failed to unmarshal  due to no GitConfDir defined
pushed merged branch promote-nodey460-1.0.18
Created Pull Request: https://github.com/cb-kubecd/environment-bootv3-scratch2-staging/pull/14
Added label updatebot to Pull Request https://github.com/cb-kubecd/environment-bootv3-scratch2-staging/pull/14
got git provider status pending from PR https://github.com/cb-kubecd/environment-bootv3-scratch2-staging/pull/14
got git provider status pending from PR https://github.com/cb-kubecd/environment-bootv3-scratch2-staging/pull/14
WARNING: Failed to merge the Pull Request https://github.com/cb-kubecd/environment-bootv3-scratch2-staging/pull/14 due to PUT https://api.github.com/repos/cb-kubecd/environment-bootv3-scratch2-staging/pulls/14/merge: 405 Pull Request is not mergeable [] maybe I don't have karma?
Rebasing PullRequest due to conflict
WARNING: could not find upstream git URL failed to unmarshal  due to no GitConfDir defined
got git provider status pending from PR https://github.com/cb-kubecd/environment-bootv3-scratch2-staging/pull/14
Rebasing PullRequest due to conflict
WARNING: could not find upstream git URL failed to unmarshal  due to no GitConfDir defined
got git provider status pending from PR https://github.com/cb-kubecd/environment-bootv3-scratch2-staging/pull/14
Rebasing PullRequest due to conflict
WARNING: could not find upstream git URL failed to unmarshal  due to no GitConfDir defined
got git provider status pending from PR https://github.com/cb-kubecd/environment-bootv3-scratch2-staging/pull/14
Rebasing PullRequest due to conflict
WARNING: could not find upstream git URL failed to unmarshal  due to no GitConfDir defined
got git provider status pending from PR https://github.com/cb-kubecd/environment-bootv3-scratch2-staging/pull/14
Rebasing PullRequest due to conflict
WARNING: could not find upstream git URL failed to unmarshal  due to no GitConfDir defined
got git provider status pending from PR https://github.com/cb-kubecd/environment-bootv3-scratch2-staging/pull/14
Rebasing PullRequest due to conflict
WARNING: could not find upstream git URL failed to unmarshal  due to no GitConfDir defined
got git provider status pending from PR https://github.com/cb-kubecd/environment-bootv3-scratch2-staging/pull/14
Rebasing PullRequest due to conflict
WARNING: could not find upstream git URL failed to unmarshal  due to no GitConfDir defined
got git provider status pending from PR https://github.com/cb-kubecd/environment-bootv3-scratch2-staging/pull/14
Rebasing PullRequest due to conflict
WARNING: could not find upstream git URL failed to unmarshal  due to no GitConfDir defined
got git provider status pending from PR https://github.com/cb-kubecd/environment-bootv3-scratch2-staging/pull/14
Rebasing PullRequest due to conflict
WARNING: could not find upstream git URL failed to unmarshal  due to no GitConfDir defined
got git provider status pending from PR https://github.com/cb-kubecd/environment-bootv3-scratch2-staging/pull/14
Rebasing PullRequest due to conflict
WARNING: could not find upstream git URL failed to unmarshal  due to no GitConfDir defined
got git provider status pending from PR https://github.com/cb-kubecd/environment-bootv3-scratch2-staging/pull/14
Rebasing PullRequest due to conflict
WARNING: could not find upstream git URL failed to unmarshal  due to no GitConfDir defined
got git provider status pending from PR https://github.com/cb-kubecd/environment-bootv3-scratch2-staging/pull/14
Rebasing PullRequest due to conflict
WARNING: could not find upstream git URL failed to unmarshal  due to no GitConfDir defined
got git provider status pending from PR https://github.com/cb-kubecd/environment-bootv3-scratch2-staging/pull/14
Rebasing PullRequest due to conflict
WARNING: could not find upstream git URL failed to unmarshal  due to no GitConfDir defined
got git provider status pending from PR https://github.com/cb-kubecd/environment-bootv3-scratch2-staging/pull/14
Rebasing PullRequest due to conflict
WARNING: could not find upstream git URL failed to unmarshal  due to no GitConfDir defined
got git provider status pending from PR https://github.com/cb-kubecd/environment-bootv3-scratch2-staging/pull/14
Rebasing PullRequest due to conflict
WARNING: could not find upstream git URL failed to unmarshal  due to no GitConfDir defined
got git provider status pending from PR https://github.com/cb-kubecd/environment-bootv3-scratch2-staging/pull/14
Rebasing PullRequest due to conflict
WARNING: could not find upstream git URL failed to unmarshal  due to no GitConfDir defined
got git provider status pending from PR https://github.com/cb-kubecd/environment-bootv3-scratch2-staging/pull/14
Rebasing PullRequest due to conflict
WARNING: could not find upstream git URL failed to unmarshal  due to no GitConfDir defined
got git provider status pending from PR https://github.com/cb-kubecd/environment-bootv3-scratch2-staging/pull/14
Rebasing PullRequest due to conflict
WARNING: could not find upstream git URL failed to unmarshal  due to no GitConfDir defined
got git provider status pending from PR https://github.com/cb-kubecd/environment-bootv3-scratch2-staging/pull/14
Rebasing PullRequest due to conflict
WARNING: could not find upstream git URL failed to unmarshal  due to no GitConfDir defined
got git provider status pending from PR https://github.com/cb-kubecd/environment-bootv3-scratch2-staging/pull/14
Rebasing PullRequest due to conflict
WARNING: could not find upstream git URL failed to unmarshal  due to no GitConfDir defined
got git provider status pending from PR https://github.com/cb-kubecd/environment-bootv3-scratch2-staging/pull/14
Rebasing PullRequest due to conflict
WARNING: could not find upstream git URL failed to unmarshal  due to no GitConfDir defined
got git provider status pending from PR https://github.com/cb-kubecd/environment-bootv3-scratch2-staging/pull/14
Rebasing PullRequest due to conflict
WARNING: could not find upstream git URL failed to unmarshal  due to no GitConfDir defined
got git provider status pending from PR https://github.com/cb-kubecd/environment-bootv3-scratch2-staging/pull/14
Rebasing PullRequest due to conflict
WARNING: could not find upstream git URL failed to unmarshal  due to no GitConfDir defined
got git provider status pending from PR https://github.com/cb-kubecd/environment-bootv3-scratch2-staging/pull/14
Rebasing PullRequest due to conflict
WARNING: could not find upstream git URL failed to unmarshal  due to no GitConfDir defined
got git provider status pending from PR https://github.com/cb-kubecd/environment-bootv3-scratch2-staging/pull/14
Rebasing PullRequest due to conflict
WARNING: could not find upstream git URL failed to unmarshal  due to no GitConfDir defined
got git provider status pending from PR https://github.com/cb-kubecd/environment-bootv3-scratch2-staging/pull/14
Rebasing PullRequest due to conflict
WARNING: could not find upstream git URL failed to unmarshal  due to no GitConfDir defined
got git provider status pending from PR https://github.com/cb-kubecd/environment-bootv3-scratch2-staging/pull/14
Rebasing PullRequest due to conflict
WARNING: could not find upstream git URL failed to unmarshal  due to no GitConfDir defined
got git provider status pending from PR https://github.com/cb-kubecd/environment-bootv3-scratch2-staging/pull/14
Rebasing PullRequest due to conflict
WARNING: could not find upstream git URL failed to unmarshal  due to no GitConfDir defined
got git provider status pending from PR https://github.com/cb-kubecd/environment-bootv3-scratch2-staging/pull/14
Rebasing PullRequest due to conflict
WARNING: could not find upstream git URL failed to unmarshal  due to no GitConfDir defined
got git provider status pending from PR https://github.com/cb-kubecd/environment-bootv3-scratch2-staging/pull/14
Rebasing PullRequest due to conflict
WARNING: could not find upstream git URL failed to unmarshal  due to no GitConfDir defined
got git provider status pending from PR https://github.com/cb-kubecd/environment-bootv3-scratch2-staging/pull/14
Rebasing PullRequest due to conflict
WARNING: could not find upstream git URL failed to unmarshal  due to no GitConfDir defined
got git provider status pending from PR https://github.com/cb-kubecd/environment-bootv3-scratch2-staging/pull/14
Rebasing PullRequest due to conflict
WARNING: could not find upstream git URL failed to unmarshal  due to no GitConfDir defined
got git provider status pending from PR https://github.com/cb-kubecd/environment-bootv3-scratch2-staging/pull/14
Rebasing PullRequest due to conflict
WARNING: could not find upstream git URL failed to unmarshal  due to no GitConfDir defined
got git provider status pending from PR https://github.com/cb-kubecd/environment-bootv3-scratch2-staging/pull/14
Rebasing PullRequest due to conflict
WARNING: could not find upstream git URL failed to unmarshal  due to no GitConfDir defined
got git provider status pending from PR https://github.com/cb-kubecd/environment-bootv3-scratch2-staging/pull/14
Rebasing PullRequest due to conflict
WARNING: could not find upstream git URL failed to unmarshal  due to no GitConfDir defined
got git provider status pending from PR https://github.com/cb-kubecd/environment-bootv3-scratch2-staging/pull/14
Rebasing PullRequest due to conflict
WARNING: could not find upstream git URL failed to unmarshal  due to no GitConfDir defined
got git provider status pending from PR https://github.com/cb-kubecd/environment-bootv3-scratch2-staging/pull/14
Rebasing PullRequest due to conflict
WARNING: could not find upstream git URL failed to unmarshal  due to no GitConfDir defined
got git provider status pending from PR https://github.com/cb-kubecd/environment-bootv3-scratch2-staging/pull/14
Rebasing PullRequest due to conflict
WARNING: could not find upstream git URL failed to unmarshal  due to no GitConfDir defined
got git provider status pending from PR https://github.com/cb-kubecd/environment-bootv3-scratch2-staging/pull/14
Rebasing PullRequest due to conflict
WARNING: could not find upstream git URL failed to unmarshal  due to no GitConfDir defined
got git provider status pending from PR https://github.com/cb-kubecd/environment-bootv3-scratch2-staging/pull/14
Rebasing PullRequest due to conflict
WARNING: could not find upstream git URL failed to unmarshal  due to no GitConfDir defined
got git provider status pending from PR https://github.com/cb-kubecd/environment-bootv3-scratch2-staging/pull/14
Rebasing PullRequest due to conflict
WARNING: could not find upstream git URL failed to unmarshal  due to no GitConfDir defined
got git provider status pending from PR https://github.com/cb-kubecd/environment-bootv3-scratch2-staging/pull/14
Rebasing PullRequest due to conflict
WARNING: could not find upstream git URL failed to unmarshal  due to no GitConfDir defined
got git provider status pending from PR https://github.com/cb-kubecd/environment-bootv3-scratch2-staging/pull/14
Rebasing PullRequest due to conflict
WARNING: could not find upstream git URL failed to unmarshal  due to no GitConfDir defined
got git provider status pending from PR https://github.com/cb-kubecd/environment-bootv3-scratch2-staging/pull/14
Rebasing PullRequest due to conflict
WARNING: could not find upstream git URL failed to unmarshal  due to no GitConfDir defined
got git provider status pending from PR https://github.com/cb-kubecd/environment-bootv3-scratch2-staging/pull/14
Rebasing PullRequest due to conflict
WARNING: could not find upstream git URL failed to unmarshal  due to no GitConfDir defined
got git provider status pending from PR https://github.com/cb-kubecd/environment-bootv3-scratch2-staging/pull/14
Rebasing PullRequest due to conflict
WARNING: could not find upstream git URL failed to unmarshal  due to no GitConfDir defined
got git provider status pending from PR https://github.com/cb-kubecd/environment-bootv3-scratch2-staging/pull/14
Rebasing PullRequest due to conflict
WARNING: could not find upstream git URL failed to unmarshal  due to no GitConfDir defined
got git provider status pending from PR https://github.com/cb-kubecd/environment-bootv3-scratch2-staging/pull/14
Rebasing PullRequest due to conflict
WARNING: could not find upstream git URL failed to unmarshal  due to no GitConfDir defined
got git provider status pending from PR https://github.com/cb-kubecd/environment-bootv3-scratch2-staging/pull/14
Rebasing PullRequest due to conflict
WARNING: could not find upstream git URL failed to unmarshal  due to no GitConfDir defined
got git provider status pending from PR https://github.com/cb-kubecd/environment-bootv3-scratch2-staging/pull/14
Rebasing PullRequest due to conflict
WARNING: could not find upstream git URL failed to unmarshal  due to no GitConfDir defined
got git provider status pending from PR https://github.com/cb-kubecd/environment-bootv3-scratch2-staging/pull/14
Rebasing PullRequest due to conflict
WARNING: could not find upstream git URL failed to unmarshal  due to no GitConfDir defined
got git provider status pending from PR https://github.com/cb-kubecd/environment-bootv3-scratch2-staging/pull/14
Rebasing PullRequest due to conflict
WARNING: could not find upstream git URL failed to unmarshal  due to no GitConfDir defined
got git provider status pending from PR https://github.com/cb-kubecd/environment-bootv3-scratch2-staging/pull/14
Rebasing PullRequest due to conflict
WARNING: could not find upstream git URL failed to unmarshal  due to no GitConfDir defined
got git provider status pending from PR https://github.com/cb-kubecd/environment-bootv3-scratch2-staging/pull/14
Rebasing PullRequest due to conflict
WARNING: could not find upstream git URL failed to unmarshal  due to no GitConfDir defined
got git provider status pending from PR https://github.com/cb-kubecd/environment-bootv3-scratch2-staging/pull/14
Rebasing PullRequest due to conflict
WARNING: could not find upstream git URL failed to unmarshal  due to no GitConfDir defined
got git provider status pending from PR https://github.com/cb-kubecd/environment-bootv3-scratch2-staging/pull/14
Rebasing PullRequest due to conflict
WARNING: could not find upstream git URL failed to unmarshal  due to no GitConfDir defined
got git provider status pending from PR https://github.com/cb-kubecd/environment-bootv3-scratch2-staging/pull/14
Rebasing PullRequest due to conflict
WARNING: could not find upstream git URL failed to unmarshal  due to no GitConfDir defined
got git provider status pending from PR https://github.com/cb-kubecd/environment-bootv3-scratch2-staging/pull/14
Rebasing PullRequest due to conflict
WARNING: could not find upstream git URL failed to unmarshal  due to no GitConfDir defined
got git provider status pending from PR https://github.com/cb-kubecd/environment-bootv3-scratch2-staging/pull/14
Rebasing PullRequest due to conflict
WARNING: could not find upstream git URL failed to unmarshal  due to no GitConfDir defined
got git provider status pending from PR https://github.com/cb-kubecd/environment-bootv3-scratch2-staging/pull/14
Rebasing PullRequest due to conflict
WARNING: could not find upstream git URL failed to unmarshal  due to no GitConfDir defined
got git provider status pending from PR https://github.com/cb-kubecd/environment-bootv3-scratch2-staging/pull/14
Rebasing PullRequest due to conflict
WARNING: could not find upstream git URL failed to unmarshal  due to no GitConfDir defined
got git provider status pending from PR https://github.com/cb-kubecd/environment-bootv3-scratch2-staging/pull/14
Rebasing PullRequest due to conflict
WARNING: could not find upstream git URL failed to unmarshal  due to no GitConfDir defined
got git provider status pending from PR https://github.com/cb-kubecd/environment-bootv3-scratch2-staging/pull/14
Rebasing PullRequest due to conflict
WARNING: could not find upstream git URL failed to unmarshal  due to no GitConfDir defined
got git provider status pending from PR https://github.com/cb-kubecd/environment-bootv3-scratch2-staging/pull/14
Rebasing PullRequest due to conflict
WARNING: could not find upstream git URL failed to unmarshal  due to no GitConfDir defined
got git provider status pending from PR https://github.com/cb-kubecd/environment-bootv3-scratch2-staging/pull/14
Rebasing PullRequest due to conflict
WARNING: could not find upstream git URL failed to unmarshal  due to no GitConfDir defined
got git provider status pending from PR https://github.com/cb-kubecd/environment-bootv3-scratch2-staging/pull/14
Rebasing PullRequest due to conflict
WARNING: could not find upstream git URL failed to unmarshal  due to no GitConfDir defined
got git provider status pending from PR https://github.com/cb-kubecd/environment-bootv3-scratch2-staging/pull/14
Rebasing PullRequest due to conflict
WARNING: could not find upstream git URL failed to unmarshal  due to no GitConfDir defined
got git provider status pending from PR https://github.com/cb-kubecd/environment-bootv3-scratch2-staging/pull/14
Rebasing PullRequest due to conflict
WARNING: could not find upstream git URL failed to unmarshal  due to no GitConfDir defined
got git provider status pending from PR https://github.com/cb-kubecd/environment-bootv3-scratch2-staging/pull/14
Rebasing PullRequest due to conflict
WARNING: could not find upstream git URL failed to unmarshal  due to no GitConfDir defined
got git provider status pending from PR https://github.com/cb-kubecd/environment-bootv3-scratch2-staging/pull/14
Rebasing PullRequest due to conflict
WARNING: could not find upstream git URL failed to unmarshal  due to no GitConfDir defined
got git provider status pending from PR https://github.com/cb-kubecd/environment-bootv3-scratch2-staging/pull/14
Rebasing PullRequest due to conflict
WARNING: could not find upstream git URL failed to unmarshal  due to no GitConfDir defined
got git provider status pending from PR https://github.com/cb-kubecd/environment-bootv3-scratch2-staging/pull/14
Rebasing PullRequest due to conflict
WARNING: could not find upstream git URL failed to unmarshal  due to no GitConfDir defined
got git provider status pending from PR https://github.com/cb-kubecd/environment-bootv3-scratch2-staging/pull/14
Rebasing PullRequest due to conflict
WARNING: could not find upstream git URL failed to unmarshal  due to no GitConfDir defined
got git provider status pending from PR https://github.com/cb-kubecd/environment-bootv3-scratch2-staging/pull/14
Rebasing PullRequest due to conflict
WARNING: could not find upstream git URL failed to unmarshal  due to no GitConfDir defined
got git provider status pending from PR https://github.com/cb-kubecd/environment-bootv3-scratch2-staging/pull/14
Rebasing PullRequest due to conflict
WARNING: could not find upstream git URL failed to unmarshal  due to no GitConfDir defined
got git provider status pending from PR https://github.com/cb-kubecd/environment-bootv3-scratch2-staging/pull/14
Rebasing PullRequest due to conflict
WARNING: could not find upstream git URL failed to unmarshal  due to no GitConfDir defined
got git provider status pending from PR https://github.com/cb-kubecd/environment-bootv3-scratch2-staging/pull/14
Rebasing PullRequest due to conflict
WARNING: could not find upstream git URL failed to unmarshal  due to no GitConfDir defined
got git provider status pending from PR https://github.com/cb-kubecd/environment-bootv3-scratch2-staging/pull/14
Rebasing PullRequest due to conflict
WARNING: could not find upstream git URL failed to unmarshal  due to no GitConfDir defined
got git provider status pending from PR https://github.com/cb-kubecd/environment-bootv3-scratch2-staging/pull/14
Rebasing PullRequest due to conflict
WARNING: could not find upstream git URL failed to unmarshal  due to no GitConfDir defined
got git provider status pending from PR https://github.com/cb-kubecd/environment-bootv3-scratch2-staging/pull/14
Rebasing PullRequest due to conflict
WARNING: could not find upstream git URL failed to unmarshal  due to no GitConfDir defined
got git provider status pending from PR https://github.com/cb-kubecd/environment-bootv3-scratch2-staging/pull/14
Rebasing PullRequest due to conflict
WARNING: could not find upstream git URL failed to unmarshal  due to no GitConfDir defined
got git provider status pending from PR https://github.com/cb-kubecd/environment-bootv3-scratch2-staging/pull/14
Rebasing PullRequest due to conflict
WARNING: could not find upstream git URL failed to unmarshal  due to no GitConfDir defined
got git provider status pending from PR https://github.com/cb-kubecd/environment-bootv3-scratch2-staging/pull/14
Rebasing PullRequest due to conflict
WARNING: could not find upstream git URL failed to unmarshal  due to no GitConfDir defined
got git provider status pending from PR https://github.com/cb-kubecd/environment-bootv3-scratch2-staging/pull/14
Rebasing PullRequest due to conflict
WARNING: could not find upstream git URL failed to unmarshal  due to no GitConfDir defined
got git provider status pending from PR https://github.com/cb-kubecd/environment-bootv3-scratch2-staging/pull/14
Rebasing PullRequest due to conflict
WARNING: could not find upstream git URL failed to unmarshal  due to no GitConfDir defined
got git provider status pending from PR https://github.com/cb-kubecd/environment-bootv3-scratch2-staging/pull/14
Rebasing PullRequest due to conflict
WARNING: could not find upstream git URL failed to unmarshal  due to no GitConfDir defined
got git provider status pending from PR https://github.com/cb-kubecd/environment-bootv3-scratch2-staging/pull/14
Rebasing PullRequest due to conflict
WARNING: could not find upstream git URL failed to unmarshal  due to no GitConfDir defined
got git provider status pending from PR https://github.com/cb-kubecd/environment-bootv3-scratch2-staging/pull/14
Rebasing PullRequest due to conflict
WARNING: could not find upstream git URL failed to unmarshal  due to no GitConfDir defined
got git provider status pending from PR https://github.com/cb-kubecd/environment-bootv3-scratch2-staging/pull/14
Rebasing PullRequest due to conflict
WARNING: could not find upstream git URL failed to unmarshal  due to no GitConfDir defined
got git provider status pending from PR https://github.com/cb-kubecd/environment-bootv3-scratch2-staging/pull/14
Rebasing PullRequest due to conflict
WARNING: could not find upstream git URL failed to unmarshal  due to no GitConfDir defined
got git provider status pending from PR https://github.com/cb-kubecd/environment-bootv3-scratch2-staging/pull/14
Rebasing PullRequest due to conflict
WARNING: could not find upstream git URL failed to unmarshal  due to no GitConfDir defined
got git provider status pending from PR https://github.com/cb-kubecd/environment-bootv3-scratch2-staging/pull/14
Rebasing PullRequest due to conflict
WARNING: could not find upstream git URL failed to unmarshal  due to no GitConfDir defined
got git provider status pending from PR https://github.com/cb-kubecd/environment-bootv3-scratch2-staging/pull/14
Rebasing PullRequest due to conflict
WARNING: could not find upstream git URL failed to unmarshal  due to no GitConfDir defined
got git provider status pending from PR https://github.com/cb-kubecd/environment-bootv3-scratch2-staging/pull/14
Rebasing PullRequest due to conflict
WARNING: could not find upstream git URL failed to unmarshal  due to no GitConfDir defined
got git provider status pending from PR https://github.com/cb-kubecd/environment-bootv3-scratch2-staging/pull/14
Rebasing PullRequest due to conflict
WARNING: could not find upstream git URL failed to unmarshal  due to no GitConfDir defined
got git provider status pending from PR https://github.com/cb-kubecd/environment-bootv3-scratch2-staging/pull/14
Rebasing PullRequest due to conflict
WARNING: could not find upstream git URL failed to unmarshal  due to no GitConfDir defined
got git provider status pending from PR https://github.com/cb-kubecd/environment-bootv3-scratch2-staging/pull/14
Rebasing PullRequest due to conflict
WARNING: could not find upstream git URL failed to unmarshal  due to no GitConfDir defined
got git provider status pending from PR https://github.com/cb-kubecd/environment-bootv3-scratch2-staging/pull/14
Rebasing PullRequest due to conflict
WARNING: could not find upstream git URL failed to unmarshal  due to no GitConfDir defined
got git provider status pending from PR https://github.com/cb-kubecd/environment-bootv3-scratch2-staging/pull/14
Rebasing PullRequest due to conflict
WARNING: could not find upstream git URL failed to unmarshal  due to no GitConfDir defined
got git provider status pending from PR https://github.com/cb-kubecd/environment-bootv3-scratch2-staging/pull/14
Rebasing PullRequest due to conflict
WARNING: could not find upstream git URL failed to unmarshal  due to no GitConfDir defined
got git provider status pending from PR https://github.com/cb-kubecd/environment-bootv3-scratch2-staging/pull/14
Rebasing PullRequest due to conflict
WARNING: could not find upstream git URL failed to unmarshal  due to no GitConfDir defined
got git provider status pending from PR https://github.com/cb-kubecd/environment-bootv3-scratch2-staging/pull/14
Rebasing PullRequest due to conflict
WARNING: could not find upstream git URL failed to unmarshal  due to no GitConfDir defined
got git provider status pending from PR https://github.com/cb-kubecd/environment-bootv3-scratch2-staging/pull/14
Rebasing PullRequest due to conflict
WARNING: could not find upstream git URL failed to unmarshal  due to no GitConfDir defined
got git provider status pending from PR https://github.com/cb-kubecd/environment-bootv3-scratch2-staging/pull/14
Rebasing PullRequest due to conflict
WARNING: could not find upstream git URL failed to unmarshal  due to no GitConfDir defined
got git provider status pending from PR https://github.com/cb-kubecd/environment-bootv3-scratch2-staging/pull/14
Rebasing PullRequest due to conflict
WARNING: could not find upstream git URL failed to unmarshal  due to no GitConfDir defined
got git provider status pending from PR https://github.com/cb-kubecd/environment-bootv3-scratch2-staging/pull/14
Rebasing PullRequest due to conflict
WARNING: could not find upstream git URL failed to unmarshal  due to no GitConfDir defined
got git provider status pending from PR https://github.com/cb-kubecd/environment-bootv3-scratch2-staging/pull/14
Rebasing PullRequest due to conflict
WARNING: could not find upstream git URL failed to unmarshal  due to no GitConfDir defined
got git provider status pending from PR https://github.com/cb-kubecd/environment-bootv3-scratch2-staging/pull/14
Rebasing PullRequest due to conflict
WARNING: could not find upstream git URL failed to unmarshal  due to no GitConfDir defined
got git provider status pending from PR https://github.com/cb-kubecd/environment-bootv3-scratch2-staging/pull/14
Rebasing PullRequest due to conflict
WARNING: could not find upstream git URL failed to unmarshal  due to no GitConfDir defined
got git provider status pending from PR https://github.com/cb-kubecd/environment-bootv3-scratch2-staging/pull/14
Rebasing PullRequest due to conflict
WARNING: could not find upstream git URL failed to unmarshal  due to no GitConfDir defined
got git provider status pending from PR https://github.com/cb-kubecd/environment-bootv3-scratch2-staging/pull/14
Rebasing PullRequest due to conflict
WARNING: could not find upstream git URL failed to unmarshal  due to no GitConfDir defined
got git provider status pending from PR https://github.com/cb-kubecd/environment-bootv3-scratch2-staging/pull/14
Rebasing PullRequest due to conflict
WARNING: could not find upstream git URL failed to unmarshal  due to no GitConfDir defined
got git provider status pending from PR https://github.com/cb-kubecd/environment-bootv3-scratch2-staging/pull/14
Rebasing PullRequest due to conflict
WARNING: could not find upstream git URL failed to unmarshal  due to no GitConfDir defined
got git provider status pending from PR https://github.com/cb-kubecd/environment-bootv3-scratch2-staging/pull/14
Rebasing PullRequest due to conflict
WARNING: could not find upstream git URL failed to unmarshal  due to no GitConfDir defined
got git provider status pending from PR https://github.com/cb-kubecd/environment-bootv3-scratch2-staging/pull/14
Rebasing PullRequest due to conflict
WARNING: could not find upstream git URL failed to unmarshal  due to no GitConfDir defined
got git provider status pending from PR https://github.com/cb-kubecd/environment-bootv3-scratch2-staging/pull/14
Rebasing PullRequest due to conflict
WARNING: could not find upstream git URL failed to unmarshal  due to no GitConfDir defined
got git provider status pending from PR https://github.com/cb-kubecd/environment-bootv3-scratch2-staging/pull/14
Rebasing PullRequest due to conflict
WARNING: could not find upstream git URL failed to unmarshal  due to no GitConfDir defined
got git provider status pending from PR https://github.com/cb-kubecd/environment-bootv3-scratch2-staging/pull/14
Rebasing PullRequest due to conflict
WARNING: could not find upstream git URL failed to unmarshal  due to no GitConfDir defined
got git provider status pending from PR https://github.com/cb-kubecd/environment-bootv3-scratch2-staging/pull/14
Rebasing PullRequest due to conflict
WARNING: could not find upstream git URL failed to unmarshal  due to no GitConfDir defined
got git provider status pending from PR https://github.com/cb-kubecd/environment-bootv3-scratch2-staging/pull/14
Rebasing PullRequest due to conflict
WARNING: could not find upstream git URL failed to unmarshal  due to no GitConfDir defined
got git provider status pending from PR https://github.com/cb-kubecd/environment-bootv3-scratch2-staging/pull/14
Rebasing PullRequest due to conflict
WARNING: could not find upstream git URL failed to unmarshal  due to no GitConfDir defined
got git provider status pending from PR https://github.com/cb-kubecd/environment-bootv3-scratch2-staging/pull/14
Rebasing PullRequest due to conflict
WARNING: could not find upstream git URL failed to unmarshal  due to no GitConfDir defined
got git provider status pending from PR https://github.com/cb-kubecd/environment-bootv3-scratch2-staging/pull/14
Rebasing PullRequest due to conflict
WARNING: could not find upstream git URL failed to unmarshal  due to no GitConfDir defined
error: Timed out waiting for pull request https://github.com/cb-kubecd/environment-bootv3-scratch2-staging/pull/14 to merge. Waited 1h0m0s
[31m
Pipeline failed on stage 'from-build-pack' : container 'step-promote-jx-promote'. The execution of the pipeline has stopped.[0m
