
Showing logs for build [32mjstrachan-nodey460-master-relea-vw9vn-21[0m stage [32mfrom-build-pack[0m and container [32mstep-credential-initializer-574cp[0m
{"level":"info","ts":1591266038.923907,"logger":"fallback-logger","caller":"logging/config.go:69","msg":"Fetch GitHub commit ID from kodata failed: open /var/run/ko/refs/heads/0.8.0-ns-support: no such file or directory"}
{"level":"info","ts":1591266038.9244306,"logger":"fallback-logger","caller":"creds-init/main.go:40","msg":"Credentials initialized."}

Showing logs for build [32mjstrachan-nodey460-master-relea-vw9vn-21[0m stage [32mfrom-build-pack[0m and container [32mstep-working-dir-initializer-788fb[0m
{"level":"info","ts":1591266039.8894825,"logger":"fallback-logger","caller":"logging/config.go:69","msg":"Fetch GitHub commit ID from kodata failed: open /var/run/ko/HEAD: no such file or directory"}
{"level":"info","ts":1591266039.8928785,"logger":"fallback-logger","caller":"bash/main.go:64","msg":"Successfully executed command \"sh -c mkdir -p /workspace/source\"; output "}

Showing logs for build [32mjstrachan-nodey460-master-relea-vw9vn-21[0m stage [32mfrom-build-pack[0m and container [32mstep-place-tools[0m

Showing logs for build [32mjstrachan-nodey460-master-relea-vw9vn-21[0m stage [32mfrom-build-pack[0m and container [32mstep-git-source-jstrachan-nodey460-master-relea-vw9vn-9r299[0m
{"level":"info","ts":1591266046.9668784,"logger":"fallback-logger","caller":"logging/config.go:69","msg":"Fetch GitHub commit ID from kodata failed: open /var/run/ko/refs/heads/0.8.0-ns-support: no such file or directory"}
{"level":"info","ts":1591266048.4280643,"logger":"fallback-logger","caller":"git/git.go:103","msg":"Successfully cloned https://github.com/jstrachan/nodey460.git @ v1.0.36 in path /workspace/source"}

Showing logs for build [32mjstrachan-nodey460-master-relea-vw9vn-21[0m stage [32mfrom-build-pack[0m and container [32mstep-git-merge[0m
Using SHAs from PULL_REFS=master:c1a7f6fdc735104adee77c39a32f9635b0fbbeed
WARNING: no SHAs to merge, falling back to initial cloned commit

Showing logs for build [32mjstrachan-nodey460-master-relea-vw9vn-21[0m stage [32mfrom-build-pack[0m and container [32mstep-setup-jx-git-credentials[0m
Cloning the Jenkins X versions repo https://github.com/jenkins-x/**r-versions.git with ref refs/heads/master to /home/.**/jenkins-x-versions
Generated Git credentials file /workspace/xdg_config/git/credentials

Showing logs for build [32mjstrachan-nodey460-master-relea-vw9vn-21[0m stage [32mfrom-build-pack[0m and container [32mstep-build-npmrc[0m
WARNING: failed to find Secret npm-token in namespace **

Showing logs for build [32mjstrachan-nodey460-master-relea-vw9vn-21[0m stage [32mfrom-build-pack[0m and container [32mstep-build-npm-install[0m
npm notice created a lockfile as package-lock.json. You should commit this file.
npm WARN REPLACE_ME@1.0.36 No repository field.
npm WARN REPLACE_ME@1.0.36 No license field.

up to date in 0.34s
found 0 vulnerabilities


Showing logs for build [32mjstrachan-nodey460-master-relea-vw9vn-21[0m stage [32mfrom-build-pack[0m and container [32mstep-build-npm-test[0m

> REPLACE_ME@1.0.36 test /workspace/source
> echo "no test specified" && exit 0

no test specified

Showing logs for build [32mjstrachan-nodey460-master-relea-vw9vn-21[0m stage [32mfrom-build-pack[0m and container [32mstep-build-container-build[0m
ERROR: logging before flag.Parse: E0604 10:20:57.273119      11 metadata.go:241] Failed to unmarshal scopes: json: cannot unmarshal string into Go value of type []string
[36mINFO[0m[0000] Resolved base name node:9-slim to node:9-slim 
[36mINFO[0m[0000] Using dockerignore file: /workspace/source/.dockerignore 
[36mINFO[0m[0000] Resolved base name node:9-slim to node:9-slim 
[36mINFO[0m[0000] Retrieving image manifest node:9-slim        
ERROR: logging before flag.Parse: E0604 10:20:57.639393      11 metadata.go:142] while reading 'google-dockercfg' metadata: http status code: 404 while fetching url http://metadata.google.internal./computeMetadata/v1/instance/attributes/google-dockercfg
ERROR: logging before flag.Parse: E0604 10:20:57.641771      11 metadata.go:159] while reading 'google-dockercfg-url' metadata: http status code: 404 while fetching url http://metadata.google.internal./computeMetadata/v1/instance/attributes/google-dockercfg-url
[36mINFO[0m[0001] Retrieving image manifest node:9-slim        
[36mINFO[0m[0002] Built cross stage deps: map[]                
[36mINFO[0m[0002] Retrieving image manifest node:9-slim        
[36mINFO[0m[0003] Retrieving image manifest node:9-slim        
[36mINFO[0m[0004] cmd: EXPOSE                                  
[36mINFO[0m[0004] Adding exposed port: 8080/tcp                
[36mINFO[0m[0004] Checking for cached layer gcr.io/jstrachan-multicluster/cache:e53882d5a386646bf85442aa49cb20e6d9b83c06d0a4cfb45677bcbdea4d664c... 
[36mINFO[0m[0004] No cached layer found for cmd COPY . .       
[36mINFO[0m[0004] Unpacking rootfs as cmd COPY . . requires it. 
[36mINFO[0m[0009] Taking snapshot of full filesystem...        
[36mINFO[0m[0011] Resolving paths                              
[36mINFO[0m[0013] ENV PORT 8080                                
[36mINFO[0m[0013] No files changed in this command, skipping snapshotting. 
[36mINFO[0m[0013] EXPOSE 8080                                  
[36mINFO[0m[0013] cmd: EXPOSE                                  
[36mINFO[0m[0013] Adding exposed port: 8080/tcp                
[36mINFO[0m[0013] No files changed in this command, skipping snapshotting. 
[36mINFO[0m[0013] WORKDIR /usr/src/app                         
[36mINFO[0m[0013] cmd: workdir                                 
[36mINFO[0m[0013] Changed working directory to /usr/src/app    
[36mINFO[0m[0013] Creating directory /usr/src/app              
[36mINFO[0m[0013] Resolving paths                              
[36mINFO[0m[0013] Taking snapshot of files...                  
[36mINFO[0m[0013] COPY . .                                     
[36mINFO[0m[0013] Resolving paths                              
[36mINFO[0m[0013] Taking snapshot of files...                  
[36mINFO[0m[0013] Pushing layer gcr.io/jstrachan-multicluster/cache:e53882d5a386646bf85442aa49cb20e6d9b83c06d0a4cfb45677bcbdea4d664c to cache now 
[36mINFO[0m[0013] CMD ["npm", "start"]                         
[36mINFO[0m[0013] No files changed in this command, skipping snapshotting. 

Showing logs for build [32mjstrachan-nodey460-master-relea-vw9vn-21[0m stage [32mfrom-build-pack[0m and container [32mstep-promote-changelog[0m
Converted /workspace/source/charts/nodey460 to an unshallow repository
Generating change log from git ref b8da34ba738fa78b9cdc87971c620f136eb7a701 => b9028834f8c3c682fe1e0255b463d37633a73de2
Associating user x-0 in users.jenkins.io with email jenkins-x@googlegroups.com to git GitProvider user with login -0 as emails match
Adding label jenkins.io/git-github-userid=-0 to user x-0 in users.jenkins.io
WARNING: Failed to enrich commit 1ef8ab5d93dbd88bb11994d795f9f72c30bcbeed with issues: User.jenkins.io "x-0" is in*****: metadata.labels: In***** value: "-0": a ***** label must be an empty string or consist of alphanumeric characters, '-', '_' or '.', and must start and end with an alphanumeric character (e.g. 'MyValue',  or 'my_value',  or '12345', regex used for *****ation is '(([A-Za-z0-9][-A-Za-z0-9_.]*)?[A-Za-z0-9])?')
Associating user x-0 in users.jenkins.io with email jenkins-x@googlegroups.com to git GitProvider user with login -0 as emails match
Adding label jenkins.io/git-github-userid=-0 to user x-0 in users.jenkins.io
WARNING: Failed to enrich commit 1ef8ab5d93dbd88bb11994d795f9f72c30bcbeed with issues: User.jenkins.io "x-0" is in*****: metadata.labels: In***** value: "-0": a ***** label must be an empty string or consist of alphanumeric characters, '-', '_' or '.', and must start and end with an alphanumeric character (e.g. 'MyValue',  or 'my_value',  or '12345', regex used for *****ation is '(([A-Za-z0-9][-A-Za-z0-9_.]*)?[A-Za-z0-9])?')
Finding issues in commit messages using git format
Associating user x-0 in users.jenkins.io with email jenkins-x@googlegroups.com to git GitProvider user with login -0 as emails match
Adding label jenkins.io/git-github-userid=-0 to user x-0 in users.jenkins.io
WARNING: Failed to enrich commit 750f27851419268b054fdcca21f65c7cc78d1058 with issues: User.jenkins.io "x-0" is in*****: metadata.labels: In***** value: "-0": a ***** label must be an empty string or consist of alphanumeric characters, '-', '_' or '.', and must start and end with an alphanumeric character (e.g. 'MyValue',  or 'my_value',  or '12345', regex used for *****ation is '(([A-Za-z0-9][-A-Za-z0-9_.]*)?[A-Za-z0-9])?')
Associating user x-0 in users.jenkins.io with email jenkins-x@googlegroups.com to git GitProvider user with login -0 as emails match
Adding label jenkins.io/git-github-userid=-0 to user x-0 in users.jenkins.io
WARNING: Failed to enrich commit 750f27851419268b054fdcca21f65c7cc78d1058 with issues: User.jenkins.io "x-0" is in*****: metadata.labels: In***** value: "-0": a ***** label must be an empty string or consist of alphanumeric characters, '-', '_' or '.', and must start and end with an alphanumeric character (e.g. 'MyValue',  or 'my_value',  or '12345', regex used for *****ation is '(([A-Za-z0-9][-A-Za-z0-9_.]*)?[A-Za-z0-9])?')
WARNING: No release found for jstrachan/nodey460 and tag v1.0.36 so creating a new release
Updated the release information at https://github.com/jstrachan/nodey460/releases/tag/v1.0.36
generated: /workspace/source/charts/nodey460/templates/release.yaml
Created Release nodey460-1-0-36 resource in namespace **
Updating PipelineActivity jstrachan-nodey460-master-21 with version 1.0.36
Updated PipelineActivities jstrachan-nodey460-master-21 with release notes URL: https://github.com/jstrachan/nodey460/releases/tag/v1.0.36

Showing logs for build [32mjstrachan-nodey460-master-relea-vw9vn-21[0m stage [32mfrom-build-pack[0m and container [32mstep-promote-helm-release[0m
Adding missing Helm repo: storage.googleapis.com https://storage.googleapis.com/chartmuseum.jenkins-x.io
Successfully added Helm repository storage.googleapis.com.
Adding missing Helm repo: bucketrepo http://bucketrepo/bucketrepo/charts/
Successfully added Helm repository bucketrepo.
Uploading chart file nodey460-1.0.36.tgz to http://bucketrepo/bucketrepo/charts/api/charts
Received 200 response: 

Showing logs for build [32mjstrachan-nodey460-master-relea-vw9vn-21[0m stage [32mfrom-build-pack[0m and container [32mstep-promote-jx-promote[0m
Cloning the Jenkins X versions repo https://github.com/jenkins-x/**r-versions.git with ref refs/heads/master to /home/.**/jenkins-x-versions
WARNING: prow based install so skip waiting for the merge of Pull Requests to go green as currently there is an issue with gettingstatuses from the PR, see https://github.com/jenkins-x/**/issues/2410
WARNING: No $CHART_REPOSITORY defined so using the default value of: http://jenkins-x-chartmuseum:8080
Promoting app nodey460 version 1.0.36 to namespace staging
WARNING: could not find upstream git URL failed to unmarshal  due to no GitConfDir defined
running command: kpt pkg update nodey460@v1.0.36 --strategy=alpha-git-patch
pushed merged branch promote-nodey460-1.0.36
Created Pull Request: https://github.com/jstrachan/env-configsync-bootv3-scratch2/pull/27
Added label updatebot to Pull Request https://github.com/jstrachan/env-configsync-bootv3-scratch2/pull/27
WARNING: Failed to query the Pull Request last commit status for https://github.com/jstrachan/env-configsync-bootv3-scratch2/pull/27 ref 51125209faa59f63e1d055585abc8d2f01aea1a9 Could not find a status for repository jstrachan/env-configsync-bootv3-scratch2 with ref 51125209faa59f63e1d055585abc8d2f01aea1a9
WARNING: Failed to query the Pull Request last commit status for https://github.com/jstrachan/env-configsync-bootv3-scratch2/pull/27 ref 51125209faa59f63e1d055585abc8d2f01aea1a9 Could not find a status for repository jstrachan/env-configsync-bootv3-scratch2 with ref 51125209faa59f63e1d055585abc8d2f01aea1a9
WARNING: Failed to query the Pull Request last commit status for https://github.com/jstrachan/env-configsync-bootv3-scratch2/pull/27 ref 51125209faa59f63e1d055585abc8d2f01aea1a9 Could not find a status for repository jstrachan/env-configsync-bootv3-scratch2 with ref 51125209faa59f63e1d055585abc8d2f01aea1a9
Pull Request https://github.com/jstrachan/env-configsync-bootv3-scratch2/pull/27 is merged at sha 1ceadd549e8f8c0bdb95652a0e71ca5b762f03fb
Pull Request merged but we are not waiting for the update pipeline to complete!
WARNING: Could not find the service URL in namespace staging for names nodey460, **-nodey460, staging-nodey460
