
Showing logs for build [32mmeta-jstrachan-nodey460-master-8v7jt-30[0m stage [32mmeta-pipeline[0m and container [32mstep-credential-initializer-vzkc6[0m
{"level":"info","ts":1591340035.9841962,"logger":"fallback-logger","caller":"logging/config.go:69","msg":"Fetch GitHub commit ID from kodata failed: open /var/run/ko/refs/heads/0.8.0-ns-support: no such file or directory"}
{"level":"info","ts":1591340035.9847062,"logger":"fallback-logger","caller":"creds-init/main.go:40","msg":"Credentials initialized."}

Showing logs for build [32mmeta-jstrachan-nodey460-master-8v7jt-30[0m stage [32mmeta-pipeline[0m and container [32mstep-working-dir-initializer-l8zht[0m
{"level":"info","ts":1591340036.925038,"logger":"fallback-logger","caller":"logging/config.go:69","msg":"Fetch GitHub commit ID from kodata failed: open /var/run/ko/HEAD: no such file or directory"}
{"level":"info","ts":1591340036.946091,"logger":"fallback-logger","caller":"bash/main.go:64","msg":"Successfully executed command \"sh -c mkdir -p /workspace/source\"; output "}

Showing logs for build [32mmeta-jstrachan-nodey460-master-8v7jt-30[0m stage [32mmeta-pipeline[0m and container [32mstep-place-tools[0m

Showing logs for build [32mmeta-jstrachan-nodey460-master-8v7jt-30[0m stage [32mmeta-pipeline[0m and container [32mstep-git-source-meta-jstrachan-nodey460-master-8v7jt-5xqld[0m
{"level":"info","ts":1591340053.1538823,"logger":"fallback-logger","caller":"logging/config.go:69","msg":"Fetch GitHub commit ID from kodata failed: open /var/run/ko/refs/heads/0.8.0-ns-support: no such file or directory"}
{"level":"info","ts":1591340054.6587074,"logger":"fallback-logger","caller":"git/git.go:103","msg":"Successfully cloned https://github.com/jstrachan/nodey460.git @ master in path /workspace/source"}

Showing logs for build [32mmeta-jstrachan-nodey460-master-8v7jt-30[0m stage [32mmeta-pipeline[0m and container [32mstep-git-merge[0m
Using SHAs from PULL_REFS=master:
WARNING: no SHAs to merge, falling back to initial cloned commit

Showing logs for build [32mmeta-jstrachan-nodey460-master-8v7jt-30[0m stage [32mmeta-pipeline[0m and container [32mstep-merge-pull-refs[0m
SKIP merge-pull-refs: Nothing to merge

Showing logs for build [32mmeta-jstrachan-nodey460-master-8v7jt-30[0m stage [32mmeta-pipeline[0m and container [32mstep-create-effective-pipeline[0m
Effective pipeline written to jenkins-x-effective.yml

Showing logs for build [32mmeta-jstrachan-nodey460-master-8v7jt-30[0m stage [32mmeta-pipeline[0m and container [32mstep-create-tekton-crds[0m
running command: ** step next-version --filename package.json
created new version: 1.0.53 and written to file: ./VERSION

running command: ** step tag --version \$(cat VERSION)
Updating chart version in charts/nodey460/Chart.yaml to 1.0.53
Updating repository in charts/nodey460/values.yaml to gcr.io/jstrachan-multicluster/nodey460
Updating tag in charts/nodey460/values.yaml to 1.0.53
Tag v1.0.53 created and pushed to remote origin

running command: ** step next-version --filename package.json
created new version: 1.0.54 and written to file: ./VERSION

running command: ** step tag --version \$(cat VERSION) --no-apply
Updating chart version in charts/nodey460/Chart.yaml to 1.0.54
Updating repository in charts/nodey460/values.yaml to gcr.io/jstrachan-multicluster/nodey460
Updating tag in charts/nodey460/values.yaml to 1.0.54
NoApply: no push tag to git server

running command: **l step helm template
about to run /home/.**/plugins/bin/helm-3.2.1 template --output-dir /tmp/547024588 --values charts/template-values.yaml nodey460 charts/nodey460
wrote /tmp/547024588/nodey460/templates/service.yaml
wrote /tmp/547024588/nodey460/templates/deployment.yaml
wrote /tmp/547024588/nodey460/templates/ingress.yaml


running command: git add charts/* && git commit -m 'fix: generate kubernetes resources
/bin/sh: -c: line 0: unexpected EOF while looking for matching `''
/bin/sh: -c: line 1: syntax error: unexpected end of file
error: failed to set the version on release pipelines: failed to run '/bin/sh -c git add charts/* && git commit -m 'fix: generate kubernetes resources' command in directory '/workspace/source', output: ''
[31m
Pipeline failed on stage 'meta-pipeline' : container 'step-create-tekton-crds'. The execution of the pipeline has stopped.[0m
