
Showing logs for build [32mjstrachan-nodey460-master-jsplf-31[0m stage [32mfrom-build-pack[0m and container [32mstep-credential-initializer-dnsgk[0m
{"level":"info","ts":1591340227.9919565,"logger":"fallback-logger","caller":"logging/config.go:69","msg":"Fetch GitHub commit ID from kodata failed: open /var/run/ko/refs/heads/0.8.0-ns-support: no such file or directory"}
{"level":"info","ts":1591340227.9926522,"logger":"fallback-logger","caller":"creds-init/main.go:40","msg":"Credentials initialized."}

Showing logs for build [32mjstrachan-nodey460-master-jsplf-31[0m stage [32mfrom-build-pack[0m and container [32mstep-working-dir-initializer-k7mnp[0m
{"level":"info","ts":1591340228.868758,"logger":"fallback-logger","caller":"logging/config.go:69","msg":"Fetch GitHub commit ID from kodata failed: open /var/run/ko/HEAD: no such file or directory"}
{"level":"info","ts":1591340228.892641,"logger":"fallback-logger","caller":"bash/main.go:64","msg":"Successfully executed command \"sh -c mkdir -p /workspace/source\"; output "}

Showing logs for build [32mjstrachan-nodey460-master-jsplf-31[0m stage [32mfrom-build-pack[0m and container [32mstep-place-tools[0m

Showing logs for build [32mjstrachan-nodey460-master-jsplf-31[0m stage [32mfrom-build-pack[0m and container [32mstep-git-source-jstrachan-nodey460-master-jsplf-2gs2c[0m
{"level":"info","ts":1591340234.8803902,"logger":"fallback-logger","caller":"logging/config.go:69","msg":"Fetch GitHub commit ID from kodata failed: open /var/run/ko/refs/heads/0.8.0-ns-support: no such file or directory"}
{"level":"info","ts":1591340236.0854938,"logger":"fallback-logger","caller":"git/git.go:103","msg":"Successfully cloned https://github.com/jstrachan/nodey460.git @ v1.0.55 in path /workspace/source"}

Showing logs for build [32mjstrachan-nodey460-master-jsplf-31[0m stage [32mfrom-build-pack[0m and container [32mstep-git-merge[0m
Using SHAs from PULL_REFS=master:
WARNING: no SHAs to merge, falling back to initial cloned commit

Showing logs for build [32mjstrachan-nodey460-master-jsplf-31[0m stage [32mfrom-build-pack[0m and container [32mstep-setup-jx-git-credentials[0m
Generated Git credentials file /workspace/xdg_config/git/credentials

Showing logs for build [32mjstrachan-nodey460-master-jsplf-31[0m stage [32mfrom-build-pack[0m and container [32mstep-build-npmrc[0m
WARNING: failed to find Secret npm-token in namespace **

Showing logs for build [32mjstrachan-nodey460-master-jsplf-31[0m stage [32mfrom-build-pack[0m and container [32mstep-build-npm-install[0m
npm notice created a lockfile as package-lock.json. You should commit this file.
npm WARN REPLACE_ME@1.0.55 No repository field.
npm WARN REPLACE_ME@1.0.55 No license field.

up to date in 0.37s
found 0 vulnerabilities


Showing logs for build [32mjstrachan-nodey460-master-jsplf-31[0m stage [32mfrom-build-pack[0m and container [32mstep-build-npm-test[0m

> REPLACE_ME@1.0.55 test /workspace/source
> echo "no test specified" && exit 0

no test specified

Showing logs for build [32mjstrachan-nodey460-master-jsplf-31[0m stage [32mfrom-build-pack[0m and container [32mstep-build-container-build[0m
ERROR: logging before flag.Parse: E0605 06:57:26.031605      10 metadata.go:241] Failed to unmarshal scopes: json: cannot unmarshal string into Go value of type []string
[36mINFO[0m[0000] Resolved base name node:9-slim to node:9-slim 
[36mINFO[0m[0000] Using dockerignore file: /workspace/source/.dockerignore 
[36mINFO[0m[0000] Resolved base name node:9-slim to node:9-slim 
[36mINFO[0m[0000] Retrieving image manifest node:9-slim        
ERROR: logging before flag.Parse: E0605 06:57:26.457337      10 metadata.go:142] while reading 'google-dockercfg' metadata: http status code: 404 while fetching url http://metadata.google.internal./computeMetadata/v1/instance/attributes/google-dockercfg
ERROR: logging before flag.Parse: E0605 06:57:26.459697      10 metadata.go:159] while reading 'google-dockercfg-url' metadata: http status code: 404 while fetching url http://metadata.google.internal./computeMetadata/v1/instance/attributes/google-dockercfg-url
[36mINFO[0m[0001] Retrieving image manifest node:9-slim        
[36mINFO[0m[0002] Built cross stage deps: map[]                
[36mINFO[0m[0002] Retrieving image manifest node:9-slim        
[36mINFO[0m[0003] Retrieving image manifest node:9-slim        
[36mINFO[0m[0004] cmd: EXPOSE                                  
[36mINFO[0m[0004] Adding exposed port: 8080/tcp                
[36mINFO[0m[0004] Checking for cached layer gcr.io/jstrachan-multicluster/cache:075d9453db839e1117b5b5071994065fc17eefd14f7766e7d3d4b2e6ffc2ee81... 
[36mINFO[0m[0005] No cached layer found for cmd COPY . .       
[36mINFO[0m[0005] Unpacking rootfs as cmd COPY . . requires it. 
[36mINFO[0m[0010] Taking snapshot of full filesystem...        
[36mINFO[0m[0011] Resolving paths                              
[36mINFO[0m[0013] ENV PORT 8080                                
[36mINFO[0m[0013] No files changed in this command, skipping snapshotting. 
[36mINFO[0m[0013] EXPOSE 8080                                  
[36mINFO[0m[0013] cmd: EXPOSE                                  
[36mINFO[0m[0013] Adding exposed port: 8080/tcp                
[36mINFO[0m[0013] No files changed in this command, skipping snapshotting. 
[36mINFO[0m[0013] WORKDIR /usr/src/app                         
[36mINFO[0m[0013] cmd: workdir                                 
[36mINFO[0m[0013] Changed working directory to /usr/src/app    
[36mINFO[0m[0013] Creating directory /usr/src/app              
[36mINFO[0m[0013] Resolving paths                              
[36mINFO[0m[0013] Taking snapshot of files...                  
[36mINFO[0m[0013] COPY . .                                     
[36mINFO[0m[0013] Resolving paths                              
[36mINFO[0m[0013] Taking snapshot of files...                  
[36mINFO[0m[0013] CMD ["npm", "start"]                         
[36mINFO[0m[0013] Pushing layer gcr.io/jstrachan-multicluster/cache:075d9453db839e1117b5b5071994065fc17eefd14f7766e7d3d4b2e6ffc2ee81 to cache now 
[36mINFO[0m[0013] No files changed in this command, skipping snapshotting. 

Showing logs for build [32mjstrachan-nodey460-master-jsplf-31[0m stage [32mfrom-build-pack[0m and container [32mstep-promote-changelog[0m
Converted /workspace/source/charts/nodey460 to an unshallow repository
Generating change log from git ref 831997b112a5cc3da86ea893edcbb542d240f9ba => 70bd578075505d3afcfed8ceeb9b2adbe0c6f717
Associating user x-0 in users.jenkins.io with email jenkins-x@googlegroups.com to git GitProvider user with login -0 as emails match
Adding label jenkins.io/git-github-userid=-0 to user x-0 in users.jenkins.io
WARNING: Failed to enrich commit 032a7fbca546f89cc7a5b508bf4d090515a489f9 with issues: User.jenkins.io "x-0" is in*****: metadata.labels: In***** value: "-0": a ***** label must be an empty string or consist of alphanumeric characters, '-', '_' or '.', and must start and end with an alphanumeric character (e.g. 'MyValue',  or 'my_value',  or '12345', regex used for *****ation is '(([A-Za-z0-9][-A-Za-z0-9_.]*)?[A-Za-z0-9])?')
Associating user x-0 in users.jenkins.io with email jenkins-x@googlegroups.com to git GitProvider user with login -0 as emails match
Adding label jenkins.io/git-github-userid=-0 to user x-0 in users.jenkins.io
WARNING: Failed to enrich commit 032a7fbca546f89cc7a5b508bf4d090515a489f9 with issues: User.jenkins.io "x-0" is in*****: metadata.labels: In***** value: "-0": a ***** label must be an empty string or consist of alphanumeric characters, '-', '_' or '.', and must start and end with an alphanumeric character (e.g. 'MyValue',  or 'my_value',  or '12345', regex used for *****ation is '(([A-Za-z0-9][-A-Za-z0-9_.]*)?[A-Za-z0-9])?')
Finding issues in commit messages using git format
Associating user x-0 in users.jenkins.io with email jenkins-x@googlegroups.com to git GitProvider user with login -0 as emails match
Adding label jenkins.io/git-github-userid=-0 to user x-0 in users.jenkins.io
WARNING: Failed to enrich commit d02176e76ccfec3461aa491474cd67ed3dc7108d with issues: User.jenkins.io "x-0" is in*****: metadata.labels: In***** value: "-0": a ***** label must be an empty string or consist of alphanumeric characters, '-', '_' or '.', and must start and end with an alphanumeric character (e.g. 'MyValue',  or 'my_value',  or '12345', regex used for *****ation is '(([A-Za-z0-9][-A-Za-z0-9_.]*)?[A-Za-z0-9])?')
Associating user x-0 in users.jenkins.io with email jenkins-x@googlegroups.com to git GitProvider user with login -0 as emails match
Adding label jenkins.io/git-github-userid=-0 to user x-0 in users.jenkins.io
WARNING: Failed to enrich commit d02176e76ccfec3461aa491474cd67ed3dc7108d with issues: User.jenkins.io "x-0" is in*****: metadata.labels: In***** value: "-0": a ***** label must be an empty string or consist of alphanumeric characters, '-', '_' or '.', and must start and end with an alphanumeric character (e.g. 'MyValue',  or 'my_value',  or '12345', regex used for *****ation is '(([A-Za-z0-9][-A-Za-z0-9_.]*)?[A-Za-z0-9])?')
Associating user x-0 in users.jenkins.io with email jenkins-x@googlegroups.com to git GitProvider user with login -0 as emails match
Adding label jenkins.io/git-github-userid=-0 to user x-0 in users.jenkins.io
WARNING: Failed to enrich commit e8856031f2df5e52d2e8b1ee1fd230c2ee9c1d9d with issues: User.jenkins.io "x-0" is in*****: metadata.labels: In***** value: "-0": a ***** label must be an empty string or consist of alphanumeric characters, '-', '_' or '.', and must start and end with an alphanumeric character (e.g. 'MyValue',  or 'my_value',  or '12345', regex used for *****ation is '(([A-Za-z0-9][-A-Za-z0-9_.]*)?[A-Za-z0-9])?')
Associating user x-0 in users.jenkins.io with email jenkins-x@googlegroups.com to git GitProvider user with login -0 as emails match
Adding label jenkins.io/git-github-userid=-0 to user x-0 in users.jenkins.io
WARNING: Failed to enrich commit e8856031f2df5e52d2e8b1ee1fd230c2ee9c1d9d with issues: User.jenkins.io "x-0" is in*****: metadata.labels: In***** value: "-0": a ***** label must be an empty string or consist of alphanumeric characters, '-', '_' or '.', and must start and end with an alphanumeric character (e.g. 'MyValue',  or 'my_value',  or '12345', regex used for *****ation is '(([A-Za-z0-9][-A-Za-z0-9_.]*)?[A-Za-z0-9])?')
WARNING: No release found for jstrachan/nodey460 and tag v1.0.55 so creating a new release
Updated the release information at https://github.com/jstrachan/nodey460/releases/tag/v1.0.55
generated: /workspace/source/charts/nodey460/templates/release.yaml
Created Release nodey460-1-0-55 resource in namespace **
Updating PipelineActivity jstrachan-nodey460-master-31 with version 1.0.55
Updated PipelineActivities jstrachan-nodey460-master-31 with release notes URL: https://github.com/jstrachan/nodey460/releases/tag/v1.0.55

Showing logs for build [32mjstrachan-nodey460-master-jsplf-31[0m stage [32mfrom-build-pack[0m and container [32mstep-promote-helm-release[0m
Adding missing Helm repo: storage.googleapis.com https://storage.googleapis.com/chartmuseum.jenkins-x.io
Successfully added Helm repository storage.googleapis.com.
Adding missing Helm repo: bucketrepo http://bucketrepo/bucketrepo/charts/
Successfully added Helm repository bucketrepo.
Uploading chart file nodey460-1.0.55.tgz to http://bucketrepo/bucketrepo/charts/api/charts
Received 200 response: 

Showing logs for build [32mjstrachan-nodey460-master-jsplf-31[0m stage [32mfrom-build-pack[0m and container [32mstep-promote-jx-promote[0m
WARNING: prow based install so skip waiting for the merge of Pull Requests to go green as currently there is an issue with gettingstatuses from the PR, see https://github.com/jenkins-x/**/issues/2410
WARNING: No $CHART_REPOSITORY defined so using the default value of: http://jenkins-x-chartmuseum:8080
Promoting app nodey460 version 1.0.55 to namespace staging
WARNING: could not find upstream git URL failed to unmarshal  due to no GitConfDir defined
running command: kpt pkg get https://github.com/jstrachan/nodey460.git/kubernetes/nodey460/templates@v1.0.55 nodey460
error: failed to get the app nodey460 via kpt: failed to run 'kpt pkg get https://github.com/jstrachan/nodey460.git/kubernetes/nodey460/templates@v1.0.55 nodey460' command in directory '/tmp/create-pr277039664/namespaces/apps', output: 'fetching package /kubernetes/nodey460/templates from https://github.com/jstrachan/nodey460 to nodey460
Error: missing subdirectory /kubernetes/nodey460/templates in repo https://github.com/jstrachan/nodey460 at ref v1.0.55
: lstat /tmp/kpt-get-832610442/kubernetes/nodey460/templates: no such file or directory'
[31m
Pipeline failed on stage 'from-build-pack' : container 'step-promote-jx-promote'. The execution of the pipeline has stopped.[0m
