
Showing logs for build [32mjstrachan-nodey460-master-tlh2f-32[0m stage [32mfrom-build-pack[0m and container [32mstep-credential-initializer-cbcvx[0m
{"level":"info","ts":1591352436.9774873,"logger":"fallback-logger","caller":"logging/config.go:69","msg":"Fetch GitHub commit ID from kodata failed: open /var/run/ko/refs/heads/0.8.0-ns-support: no such file or directory"}
{"level":"info","ts":1591352436.9780407,"logger":"fallback-logger","caller":"creds-init/main.go:40","msg":"Credentials initialized."}

Showing logs for build [32mjstrachan-nodey460-master-tlh2f-32[0m stage [32mfrom-build-pack[0m and container [32mstep-working-dir-initializer-9m96z[0m
{"level":"info","ts":1591352437.5302768,"logger":"fallback-logger","caller":"logging/config.go:69","msg":"Fetch GitHub commit ID from kodata failed: open /var/run/ko/HEAD: no such file or directory"}
{"level":"info","ts":1591352437.5530825,"logger":"fallback-logger","caller":"bash/main.go:64","msg":"Successfully executed command \"sh -c mkdir -p /workspace/source\"; output "}

Showing logs for build [32mjstrachan-nodey460-master-tlh2f-32[0m stage [32mfrom-build-pack[0m and container [32mstep-place-tools[0m

Showing logs for build [32mjstrachan-nodey460-master-tlh2f-32[0m stage [32mfrom-build-pack[0m and container [32mstep-git-source-jstrachan-nodey460-master-tlh2f-fs5vw[0m
{"level":"info","ts":1591352463.8136158,"logger":"fallback-logger","caller":"logging/config.go:69","msg":"Fetch GitHub commit ID from kodata failed: open /var/run/ko/refs/heads/0.8.0-ns-support: no such file or directory"}
{"level":"info","ts":1591352465.3448794,"logger":"fallback-logger","caller":"git/git.go:103","msg":"Successfully cloned https://github.com/jstrachan/nodey460.git @ v1.0.57 in path /workspace/source"}

Showing logs for build [32mjstrachan-nodey460-master-tlh2f-32[0m stage [32mfrom-build-pack[0m and container [32mstep-git-merge[0m
Using SHAs from PULL_REFS=master:
WARNING: no SHAs to merge, falling back to initial cloned commit

Showing logs for build [32mjstrachan-nodey460-master-tlh2f-32[0m stage [32mfrom-build-pack[0m and container [32mstep-setup-jx-git-credentials[0m
Generated Git credentials file /workspace/xdg_config/git/credentials

Showing logs for build [32mjstrachan-nodey460-master-tlh2f-32[0m stage [32mfrom-build-pack[0m and container [32mstep-build-npmrc[0m
WARNING: failed to find Secret npm-token in namespace **

Showing logs for build [32mjstrachan-nodey460-master-tlh2f-32[0m stage [32mfrom-build-pack[0m and container [32mstep-build-npm-install[0m
npm notice created a lockfile as package-lock.json. You should commit this file.
npm WARN REPLACE_ME@1.0.57 No repository field.
npm WARN REPLACE_ME@1.0.57 No license field.

up to date in 0.336s
found 0 vulnerabilities


Showing logs for build [32mjstrachan-nodey460-master-tlh2f-32[0m stage [32mfrom-build-pack[0m and container [32mstep-build-npm-test[0m

> REPLACE_ME@1.0.57 test /workspace/source
> echo "no test specified" && exit 0

no test specified

Showing logs for build [32mjstrachan-nodey460-master-tlh2f-32[0m stage [32mfrom-build-pack[0m and container [32mstep-build-container-build[0m
ERROR: logging before flag.Parse: E0605 10:21:16.889742       9 metadata.go:241] Failed to unmarshal scopes: json: cannot unmarshal string into Go value of type []string
[36mINFO[0m[0000] Resolved base name node:9-slim to node:9-slim 
[36mINFO[0m[0000] Using dockerignore file: /workspace/source/.dockerignore 
[36mINFO[0m[0000] Resolved base name node:9-slim to node:9-slim 
[36mINFO[0m[0000] Retrieving image manifest node:9-slim        
ERROR: logging before flag.Parse: E0605 10:21:17.305783       9 metadata.go:142] while reading 'google-dockercfg' metadata: http status code: 404 while fetching url http://metadata.google.internal./computeMetadata/v1/instance/attributes/google-dockercfg
ERROR: logging before flag.Parse: E0605 10:21:17.307715       9 metadata.go:159] while reading 'google-dockercfg-url' metadata: http status code: 404 while fetching url http://metadata.google.internal./computeMetadata/v1/instance/attributes/google-dockercfg-url
[36mINFO[0m[0001] Retrieving image manifest node:9-slim        
[36mINFO[0m[0002] Built cross stage deps: map[]                
[36mINFO[0m[0002] Retrieving image manifest node:9-slim        
[36mINFO[0m[0003] Retrieving image manifest node:9-slim        
[36mINFO[0m[0004] cmd: EXPOSE                                  
[36mINFO[0m[0004] Adding exposed port: 8080/tcp                
[36mINFO[0m[0004] Checking for cached layer gcr.io/jstrachan-multicluster/cache:77ac4e52d438cb236d648d5d93d55a64ea7ca101939e2de41117719a9d865381... 
[36mINFO[0m[0005] No cached layer found for cmd COPY . .       
[36mINFO[0m[0005] Unpacking rootfs as cmd COPY . . requires it. 
[36mINFO[0m[0010] Taking snapshot of full filesystem...        
[36mINFO[0m[0010] Resolving paths                              
[36mINFO[0m[0012] ENV PORT 8080                                
[36mINFO[0m[0012] No files changed in this command, skipping snapshotting. 
[36mINFO[0m[0012] EXPOSE 8080                                  
[36mINFO[0m[0012] cmd: EXPOSE                                  
[36mINFO[0m[0012] Adding exposed port: 8080/tcp                
[36mINFO[0m[0012] No files changed in this command, skipping snapshotting. 
[36mINFO[0m[0012] WORKDIR /usr/src/app                         
[36mINFO[0m[0012] cmd: workdir                                 
[36mINFO[0m[0012] Changed working directory to /usr/src/app    
[36mINFO[0m[0012] Creating directory /usr/src/app              
[36mINFO[0m[0012] Resolving paths                              
[36mINFO[0m[0012] Taking snapshot of files...                  
[36mINFO[0m[0012] COPY . .                                     
[36mINFO[0m[0012] Resolving paths                              
[36mINFO[0m[0012] Taking snapshot of files...                  
[36mINFO[0m[0012] CMD ["npm", "start"]                         
[36mINFO[0m[0012] No files changed in this command, skipping snapshotting. 
[36mINFO[0m[0012] Pushing layer gcr.io/jstrachan-multicluster/cache:77ac4e52d438cb236d648d5d93d55a64ea7ca101939e2de41117719a9d865381 to cache now 

Showing logs for build [32mjstrachan-nodey460-master-tlh2f-32[0m stage [32mfrom-build-pack[0m and container [32mstep-promote-changelog[0m
Converted /workspace/source/charts/nodey460 to an unshallow repository
Generating change log from git ref 35552aaa8f05f5bfc4bf000a769419201b598d82 => 81164574ff67bb0e5f8fe49dd9d5c4d9cd72c365
Associating user x-0 in users.jenkins.io with email jenkins-x@googlegroups.com to git GitProvider user with login -0 as emails match
Adding label jenkins.io/git-github-userid=-0 to user x-0 in users.jenkins.io
WARNING: Failed to enrich commit ee8eb9c8e7589cbf9767cbb04324d947da677563 with issues: User.jenkins.io "x-0" is in*****: metadata.labels: In***** value: "-0": a ***** label must be an empty string or consist of alphanumeric characters, '-', '_' or '.', and must start and end with an alphanumeric character (e.g. 'MyValue',  or 'my_value',  or '12345', regex used for *****ation is '(([A-Za-z0-9][-A-Za-z0-9_.]*)?[A-Za-z0-9])?')
Associating user x-0 in users.jenkins.io with email jenkins-x@googlegroups.com to git GitProvider user with login -0 as emails match
Adding label jenkins.io/git-github-userid=-0 to user x-0 in users.jenkins.io
WARNING: Failed to enrich commit ee8eb9c8e7589cbf9767cbb04324d947da677563 with issues: User.jenkins.io "x-0" is in*****: metadata.labels: In***** value: "-0": a ***** label must be an empty string or consist of alphanumeric characters, '-', '_' or '.', and must start and end with an alphanumeric character (e.g. 'MyValue',  or 'my_value',  or '12345', regex used for *****ation is '(([A-Za-z0-9][-A-Za-z0-9_.]*)?[A-Za-z0-9])?')
Finding issues in commit messages using git format
Associating user x-0 in users.jenkins.io with email jenkins-x@googlegroups.com to git GitProvider user with login -0 as emails match
Adding label jenkins.io/git-github-userid=-0 to user x-0 in users.jenkins.io
WARNING: Failed to enrich commit ede426ad3e5dc13bd127f1de04f1e1ca108a31aa with issues: User.jenkins.io "x-0" is in*****: metadata.labels: In***** value: "-0": a ***** label must be an empty string or consist of alphanumeric characters, '-', '_' or '.', and must start and end with an alphanumeric character (e.g. 'MyValue',  or 'my_value',  or '12345', regex used for *****ation is '(([A-Za-z0-9][-A-Za-z0-9_.]*)?[A-Za-z0-9])?')
Associating user x-0 in users.jenkins.io with email jenkins-x@googlegroups.com to git GitProvider user with login -0 as emails match
Adding label jenkins.io/git-github-userid=-0 to user x-0 in users.jenkins.io
WARNING: Failed to enrich commit ede426ad3e5dc13bd127f1de04f1e1ca108a31aa with issues: User.jenkins.io "x-0" is in*****: metadata.labels: In***** value: "-0": a ***** label must be an empty string or consist of alphanumeric characters, '-', '_' or '.', and must start and end with an alphanumeric character (e.g. 'MyValue',  or 'my_value',  or '12345', regex used for *****ation is '(([A-Za-z0-9][-A-Za-z0-9_.]*)?[A-Za-z0-9])?')
Associating user x-0 in users.jenkins.io with email jenkins-x@googlegroups.com to git GitProvider user with login -0 as emails match
Adding label jenkins.io/git-github-userid=-0 to user x-0 in users.jenkins.io
WARNING: Failed to enrich commit 42aaa7b947b934119fcbaed715c0469d169b6a2e with issues: User.jenkins.io "x-0" is in*****: metadata.labels: In***** value: "-0": a ***** label must be an empty string or consist of alphanumeric characters, '-', '_' or '.', and must start and end with an alphanumeric character (e.g. 'MyValue',  or 'my_value',  or '12345', regex used for *****ation is '(([A-Za-z0-9][-A-Za-z0-9_.]*)?[A-Za-z0-9])?')
Associating user x-0 in users.jenkins.io with email jenkins-x@googlegroups.com to git GitProvider user with login -0 as emails match
Adding label jenkins.io/git-github-userid=-0 to user x-0 in users.jenkins.io
WARNING: Failed to enrich commit 42aaa7b947b934119fcbaed715c0469d169b6a2e with issues: User.jenkins.io "x-0" is in*****: metadata.labels: In***** value: "-0": a ***** label must be an empty string or consist of alphanumeric characters, '-', '_' or '.', and must start and end with an alphanumeric character (e.g. 'MyValue',  or 'my_value',  or '12345', regex used for *****ation is '(([A-Za-z0-9][-A-Za-z0-9_.]*)?[A-Za-z0-9])?')
Associating user x-0 in users.jenkins.io with email jenkins-x@googlegroups.com to git GitProvider user with login -0 as emails match
Adding label jenkins.io/git-github-userid=-0 to user x-0 in users.jenkins.io
WARNING: Failed to enrich commit 187ca41d832647463c8bec86f534020d3311980b with issues: User.jenkins.io "x-0" is in*****: metadata.labels: In***** value: "-0": a ***** label must be an empty string or consist of alphanumeric characters, '-', '_' or '.', and must start and end with an alphanumeric character (e.g. 'MyValue',  or 'my_value',  or '12345', regex used for *****ation is '(([A-Za-z0-9][-A-Za-z0-9_.]*)?[A-Za-z0-9])?')
Associating user x-0 in users.jenkins.io with email jenkins-x@googlegroups.com to git GitProvider user with login -0 as emails match
Adding label jenkins.io/git-github-userid=-0 to user x-0 in users.jenkins.io
WARNING: Failed to enrich commit 187ca41d832647463c8bec86f534020d3311980b with issues: User.jenkins.io "x-0" is in*****: metadata.labels: In***** value: "-0": a ***** label must be an empty string or consist of alphanumeric characters, '-', '_' or '.', and must start and end with an alphanumeric character (e.g. 'MyValue',  or 'my_value',  or '12345', regex used for *****ation is '(([A-Za-z0-9][-A-Za-z0-9_.]*)?[A-Za-z0-9])?')
WARNING: No release found for jstrachan/nodey460 and tag v1.0.57 so creating a new release
Updated the release information at https://github.com/jstrachan/nodey460/releases/tag/v1.0.57
generated: /workspace/source/charts/nodey460/templates/release.yaml
Created Release nodey460-1-0-57 resource in namespace **
Updating PipelineActivity jstrachan-nodey460-master-32 with version 1.0.57
Updated PipelineActivities jstrachan-nodey460-master-32 with release notes URL: https://github.com/jstrachan/nodey460/releases/tag/v1.0.57

Showing logs for build [32mjstrachan-nodey460-master-tlh2f-32[0m stage [32mfrom-build-pack[0m and container [32mstep-promote-helm-release[0m
Adding missing Helm repo: storage.googleapis.com https://storage.googleapis.com/chartmuseum.jenkins-x.io
Successfully added Helm repository storage.googleapis.com.
Adding missing Helm repo: bucketrepo http://bucketrepo/bucketrepo/charts/
Successfully added Helm repository bucketrepo.
Uploading chart file nodey460-1.0.57.tgz to http://bucketrepo/bucketrepo/charts/api/charts
Received 200 response: 

Showing logs for build [32mjstrachan-nodey460-master-tlh2f-32[0m stage [32mfrom-build-pack[0m and container [32mstep-promote-jx-promote[0m
WARNING: prow based install so skip waiting for the merge of Pull Requests to go green as currently there is an issue with gettingstatuses from the PR, see https://github.com/jenkins-x/**/issues/2410
WARNING: No $CHART_REPOSITORY defined so using the default value of: http://jenkins-x-chartmuseum:8080
Promoting app nodey460 version 1.0.57 to namespace staging
WARNING: could not find upstream git URL failed to unmarshal  due to no GitConfDir defined
running command: kpt pkg get https://github.com/jstrachan/nodey460.git/charts/nodey460/resources@v1.0.57 nodey460
updating resources in dir /tmp/create-pr683508140/namespaces/apps/nodey460 to namespace myapps
pushed merged branch promote-nodey460-1.0.57
Created Pull Request: https://github.com/jstrachan/env-configsync-bootv3-scratch2/pull/31
Added label updatebot to Pull Request https://github.com/jstrachan/env-configsync-bootv3-scratch2/pull/31
WARNING: Failed to query the Pull Request last commit status for https://github.com/jstrachan/env-configsync-bootv3-scratch2/pull/31 ref d3cdaca208675b2fd3e93da49a76e2da5edabbe4 Could not find a status for repository jstrachan/env-configsync-bootv3-scratch2 with ref d3cdaca208675b2fd3e93da49a76e2da5edabbe4
WARNING: Failed to query the Pull Request last commit status for https://github.com/jstrachan/env-configsync-bootv3-scratch2/pull/31 ref d3cdaca208675b2fd3e93da49a76e2da5edabbe4 Could not find a status for repository jstrachan/env-configsync-bootv3-scratch2 with ref d3cdaca208675b2fd3e93da49a76e2da5edabbe4
WARNING: Failed to query the Pull Request last commit status for https://github.com/jstrachan/env-configsync-bootv3-scratch2/pull/31 ref d3cdaca208675b2fd3e93da49a76e2da5edabbe4 Could not find a status for repository jstrachan/env-configsync-bootv3-scratch2 with ref d3cdaca208675b2fd3e93da49a76e2da5edabbe4
WARNING: Failed to query the Pull Request last commit status for https://github.com/jstrachan/env-configsync-bootv3-scratch2/pull/31 ref d3cdaca208675b2fd3e93da49a76e2da5edabbe4 Could not find a status for repository jstrachan/env-configsync-bootv3-scratch2 with ref d3cdaca208675b2fd3e93da49a76e2da5edabbe4
WARNING: Failed to query the Pull Request last commit status for https://github.com/jstrachan/env-configsync-bootv3-scratch2/pull/31 ref d3cdaca208675b2fd3e93da49a76e2da5edabbe4 Could not find a status for repository jstrachan/env-configsync-bootv3-scratch2 with ref d3cdaca208675b2fd3e93da49a76e2da5edabbe4
WARNING: Failed to query the Pull Request last commit status for https://github.com/jstrachan/env-configsync-bootv3-scratch2/pull/31 ref d3cdaca208675b2fd3e93da49a76e2da5edabbe4 Could not find a status for repository jstrachan/env-configsync-bootv3-scratch2 with ref d3cdaca208675b2fd3e93da49a76e2da5edabbe4
WARNING: Failed to query the Pull Request last commit status for https://github.com/jstrachan/env-configsync-bootv3-scratch2/pull/31 ref d3cdaca208675b2fd3e93da49a76e2da5edabbe4 Could not find a status for repository jstrachan/env-configsync-bootv3-scratch2 with ref d3cdaca208675b2fd3e93da49a76e2da5edabbe4
WARNING: Failed to query the Pull Request last commit status for https://github.com/jstrachan/env-configsync-bootv3-scratch2/pull/31 ref d3cdaca208675b2fd3e93da49a76e2da5edabbe4 Could not find a status for repository jstrachan/env-configsync-bootv3-scratch2 with ref d3cdaca208675b2fd3e93da49a76e2da5edabbe4
WARNING: Failed to query the Pull Request last commit status for https://github.com/jstrachan/env-configsync-bootv3-scratch2/pull/31 ref d3cdaca208675b2fd3e93da49a76e2da5edabbe4 Could not find a status for repository jstrachan/env-configsync-bootv3-scratch2 with ref d3cdaca208675b2fd3e93da49a76e2da5edabbe4
WARNING: Failed to query the Pull Request last commit status for https://github.com/jstrachan/env-configsync-bootv3-scratch2/pull/31 ref d3cdaca208675b2fd3e93da49a76e2da5edabbe4 Could not find a status for repository jstrachan/env-configsync-bootv3-scratch2 with ref d3cdaca208675b2fd3e93da49a76e2da5edabbe4
WARNING: Failed to query the Pull Request last commit status for https://github.com/jstrachan/env-configsync-bootv3-scratch2/pull/31 ref d3cdaca208675b2fd3e93da49a76e2da5edabbe4 Could not find a status for repository jstrachan/env-configsync-bootv3-scratch2 with ref d3cdaca208675b2fd3e93da49a76e2da5edabbe4
WARNING: Failed to query the Pull Request last commit status for https://github.com/jstrachan/env-configsync-bootv3-scratch2/pull/31 ref d3cdaca208675b2fd3e93da49a76e2da5edabbe4 Could not find a status for repository jstrachan/env-configsync-bootv3-scratch2 with ref d3cdaca208675b2fd3e93da49a76e2da5edabbe4
WARNING: Failed to query the Pull Request last commit status for https://github.com/jstrachan/env-configsync-bootv3-scratch2/pull/31 ref d3cdaca208675b2fd3e93da49a76e2da5edabbe4 Could not find a status for repository jstrachan/env-configsync-bootv3-scratch2 with ref d3cdaca208675b2fd3e93da49a76e2da5edabbe4
WARNING: Failed to query the Pull Request last commit status for https://github.com/jstrachan/env-configsync-bootv3-scratch2/pull/31 ref d3cdaca208675b2fd3e93da49a76e2da5edabbe4 Could not find a status for repository jstrachan/env-configsync-bootv3-scratch2 with ref d3cdaca208675b2fd3e93da49a76e2da5edabbe4
WARNING: Failed to query the Pull Request last commit status for https://github.com/jstrachan/env-configsync-bootv3-scratch2/pull/31 ref d3cdaca208675b2fd3e93da49a76e2da5edabbe4 Could not find a status for repository jstrachan/env-configsync-bootv3-scratch2 with ref d3cdaca208675b2fd3e93da49a76e2da5edabbe4
WARNING: Failed to query the Pull Request last commit status for https://github.com/jstrachan/env-configsync-bootv3-scratch2/pull/31 ref d3cdaca208675b2fd3e93da49a76e2da5edabbe4 Could not find a status for repository jstrachan/env-configsync-bootv3-scratch2 with ref d3cdaca208675b2fd3e93da49a76e2da5edabbe4
WARNING: Failed to query the Pull Request last commit status for https://github.com/jstrachan/env-configsync-bootv3-scratch2/pull/31 ref d3cdaca208675b2fd3e93da49a76e2da5edabbe4 Could not find a status for repository jstrachan/env-configsync-bootv3-scratch2 with ref d3cdaca208675b2fd3e93da49a76e2da5edabbe4
WARNING: Failed to query the Pull Request last commit status for https://github.com/jstrachan/env-configsync-bootv3-scratch2/pull/31 ref d3cdaca208675b2fd3e93da49a76e2da5edabbe4 Could not find a status for repository jstrachan/env-configsync-bootv3-scratch2 with ref d3cdaca208675b2fd3e93da49a76e2da5edabbe4
WARNING: Failed to query the Pull Request last commit status for https://github.com/jstrachan/env-configsync-bootv3-scratch2/pull/31 ref d3cdaca208675b2fd3e93da49a76e2da5edabbe4 Could not find a status for repository jstrachan/env-configsync-bootv3-scratch2 with ref d3cdaca208675b2fd3e93da49a76e2da5edabbe4
Pull Request https://github.com/jstrachan/env-configsync-bootv3-scratch2/pull/31 is merged at sha a41ef5feedb2b608b83915a1d2b819974b4d3d2e
Pull Request merged but we are not waiting for the update pipeline to complete!
WARNING: Could not find the service URL in namespace staging for names nodey460, **-nodey460, staging-nodey460
