
Showing logs for build [32mjstrachan-nodey460-master-86s75-8[0m stage [32mfrom-build-pack[0m and container [32mstep-credential-initializer-47p5l[0m
{"level":"info","ts":1591001980.0768814,"logger":"fallback-logger","caller":"logging/config.go:69","msg":"Fetch GitHub commit ID from kodata failed: open /var/run/ko/refs/heads/0.8.0-ns-support: no such file or directory"}
{"level":"info","ts":1591001980.0773258,"logger":"fallback-logger","caller":"creds-init/main.go:40","msg":"Credentials initialized."}

Showing logs for build [32mjstrachan-nodey460-master-86s75-8[0m stage [32mfrom-build-pack[0m and container [32mstep-working-dir-initializer-wgcwj[0m
{"level":"info","ts":1591001981.0402277,"logger":"fallback-logger","caller":"logging/config.go:69","msg":"Fetch GitHub commit ID from kodata failed: open /var/run/ko/HEAD: no such file or directory"}
{"level":"info","ts":1591001981.0413811,"logger":"fallback-logger","caller":"bash/main.go:64","msg":"Successfully executed command \"sh -c mkdir -p /workspace/source\"; output "}

Showing logs for build [32mjstrachan-nodey460-master-86s75-8[0m stage [32mfrom-build-pack[0m and container [32mstep-place-tools[0m

Showing logs for build [32mjstrachan-nodey460-master-86s75-8[0m stage [32mfrom-build-pack[0m and container [32mstep-git-source-jstrachan-nodey460-master-86s75-862r6[0m
{"level":"info","ts":1591002015.1469743,"logger":"fallback-logger","caller":"logging/config.go:69","msg":"Fetch GitHub commit ID from kodata failed: open /var/run/ko/refs/heads/0.8.0-ns-support: no such file or directory"}
{"level":"info","ts":1591002016.3608859,"logger":"fallback-logger","caller":"git/git.go:103","msg":"Successfully cloned https://github.com/jstrachan/nodey460.git @ v1.0.10 in path /workspace/source"}

Showing logs for build [32mjstrachan-nodey460-master-86s75-8[0m stage [32mfrom-build-pack[0m and container [32mstep-git-merge[0m
Using SHAs from PULL_REFS=master:
WARNING: no SHAs to merge, falling back to initial cloned commit

Showing logs for build [32mjstrachan-nodey460-master-86s75-8[0m stage [32mfrom-build-pack[0m and container [32mstep-setup-jx-git-credentials[0m
Generated Git credentials file /workspace/xdg_config/git/credentials

Showing logs for build [32mjstrachan-nodey460-master-86s75-8[0m stage [32mfrom-build-pack[0m and container [32mstep-build-npmrc[0m
Command "credential" is deprecated, it will be removed on Jun 1 2020.  This is replaced by Tekton's mounted secrets
WARNING: failed to find Secret npm-token in namespace **

Showing logs for build [32mjstrachan-nodey460-master-86s75-8[0m stage [32mfrom-build-pack[0m and container [32mstep-build-npm-install[0m
npm notice created a lockfile as package-lock.json. You should commit this file.
npm WARN REPLACE_ME@1.0.10 No repository field.
npm WARN REPLACE_ME@1.0.10 No license field.

up to date in 0.755s
found 0 vulnerabilities


Showing logs for build [32mjstrachan-nodey460-master-86s75-8[0m stage [32mfrom-build-pack[0m and container [32mstep-build-npm-test[0m

> REPLACE_ME@1.0.10 test /workspace/source
> echo "no test specified" && exit 0

no test specified

Showing logs for build [32mjstrachan-nodey460-master-86s75-8[0m stage [32mfrom-build-pack[0m and container [32mstep-build-container-build[0m
ERROR: logging before flag.Parse: E0601 09:00:31.844162      11 metadata.go:241] Failed to unmarshal scopes: json: cannot unmarshal string into Go value of type []string
[36mINFO[0m[0000] Resolved base name node:9-slim to node:9-slim 
[36mINFO[0m[0000] Using dockerignore file: /workspace/source/.dockerignore 
[36mINFO[0m[0000] Resolved base name node:9-slim to node:9-slim 
[36mINFO[0m[0000] Retrieving image manifest node:9-slim        
ERROR: logging before flag.Parse: E0601 09:00:32.542453      11 metadata.go:142] while reading 'google-dockercfg' metadata: http status code: 404 while fetching url http://metadata.google.internal./computeMetadata/v1/instance/attributes/google-dockercfg
ERROR: logging before flag.Parse: E0601 09:00:32.544798      11 metadata.go:159] while reading 'google-dockercfg-url' metadata: http status code: 404 while fetching url http://metadata.google.internal./computeMetadata/v1/instance/attributes/google-dockercfg-url
[36mINFO[0m[0002] Retrieving image manifest node:9-slim        
[36mINFO[0m[0003] Built cross stage deps: map[]                
[36mINFO[0m[0003] Retrieving image manifest node:9-slim        
[36mINFO[0m[0004] Retrieving image manifest node:9-slim        
[36mINFO[0m[0004] cmd: EXPOSE                                  
[36mINFO[0m[0004] Adding exposed port: 8080/tcp                
[36mINFO[0m[0005] Checking for cached layer gcr.io/jstrachan-multicluster/cache:fe7560454b7357449df7965118976d90c7154cacac3f70d82e3993da087a5d0f... 
[36mINFO[0m[0005] No cached layer found for cmd COPY . .       
[36mINFO[0m[0005] Unpacking rootfs as cmd COPY . . requires it. 
[36mINFO[0m[0011] Taking snapshot of full filesystem...        
[36mINFO[0m[0020] Resolving paths                              
[36mINFO[0m[0022] ENV PORT 8080                                
[36mINFO[0m[0022] No files changed in this command, skipping snapshotting. 
[36mINFO[0m[0022] EXPOSE 8080                                  
[36mINFO[0m[0022] cmd: EXPOSE                                  
[36mINFO[0m[0022] Adding exposed port: 8080/tcp                
[36mINFO[0m[0022] No files changed in this command, skipping snapshotting. 
[36mINFO[0m[0022] WORKDIR /usr/src/app                         
[36mINFO[0m[0022] cmd: workdir                                 
[36mINFO[0m[0022] Changed working directory to /usr/src/app    
[36mINFO[0m[0022] Creating directory /usr/src/app              
[36mINFO[0m[0022] Resolving paths                              
[36mINFO[0m[0022] Taking snapshot of files...                  
[36mINFO[0m[0022] COPY . .                                     
[36mINFO[0m[0022] Resolving paths                              
[36mINFO[0m[0022] Taking snapshot of files...                  
[36mINFO[0m[0022] Pushing layer gcr.io/jstrachan-multicluster/cache:fe7560454b7357449df7965118976d90c7154cacac3f70d82e3993da087a5d0f to cache now 
[36mINFO[0m[0022] CMD ["npm", "start"]                         
[36mINFO[0m[0022] No files changed in this command, skipping snapshotting. 

Showing logs for build [32mjstrachan-nodey460-master-86s75-8[0m stage [32mfrom-build-pack[0m and container [32mstep-promote-changelog[0m
Converted /workspace/source/charts/nodey460 to an unshallow repository
Generating change log from git ref c10a34a8245b5b31022eecd934c669f05ec93770 => 46d7151177d3b1e2ac139ad968144adf111f6498
Associating user x-0 in users.jenkins.io with email jenkins-x@googlegroups.com to git GitProvider user with login -0 as emails match
Adding label jenkins.io/git-github-userid=-0 to user x-0 in users.jenkins.io
WARNING: Failed to enrich commit c071c181d4d920c27fa1adf8c04683f0b42accfd with issues: User.jenkins.io "x-0" is in*****: metadata.labels: In***** value: "-0": a ***** label must be an empty string or consist of alphanumeric characters, '-', '_' or '.', and must start and end with an alphanumeric character (e.g. 'MyValue',  or 'my_value',  or '12345', regex used for *****ation is '(([A-Za-z0-9][-A-Za-z0-9_.]*)?[A-Za-z0-9])?')
Associating user x-0 in users.jenkins.io with email jenkins-x@googlegroups.com to git GitProvider user with login -0 as emails match
Adding label jenkins.io/git-github-userid=-0 to user x-0 in users.jenkins.io
WARNING: Failed to enrich commit c071c181d4d920c27fa1adf8c04683f0b42accfd with issues: User.jenkins.io "x-0" is in*****: metadata.labels: In***** value: "-0": a ***** label must be an empty string or consist of alphanumeric characters, '-', '_' or '.', and must start and end with an alphanumeric character (e.g. 'MyValue',  or 'my_value',  or '12345', regex used for *****ation is '(([A-Za-z0-9][-A-Za-z0-9_.]*)?[A-Za-z0-9])?')
Finding issues in commit messages using git format
WARNING: No release found for jstrachan/nodey460 and tag v1.0.10 so creating a new release
Updated the release information at https://github.com/jstrachan/nodey460/releases/tag/v1.0.10
generated: /workspace/source/charts/nodey460/templates/release.yaml
Created Release nodey460-1-0-10 resource in namespace **
Updating PipelineActivity jstrachan-nodey460-master-8 with version 1.0.10
Updated PipelineActivities jstrachan-nodey460-master-8 with release notes URL: https://github.com/jstrachan/nodey460/releases/tag/v1.0.10

Showing logs for build [32mjstrachan-nodey460-master-86s75-8[0m stage [32mfrom-build-pack[0m and container [32mstep-promote-helm-release[0m
Adding missing Helm repo: storage.googleapis.com https://storage.googleapis.com/chartmuseum.jenkins-x.io
Successfully added Helm repository storage.googleapis.com.
Adding missing Helm repo: bucketrepo http://bucketrepo/bucketrepo/charts/
Successfully added Helm repository bucketrepo.
Uploading chart file nodey460-1.0.10.tgz to http://bucketrepo/bucketrepo/charts/api/charts
Received 200 response: 

Showing logs for build [32mjstrachan-nodey460-master-86s75-8[0m stage [32mfrom-build-pack[0m and container [32mstep-promote-jx-promote[0m
WARNING: prow based install so skip waiting for the merge of Pull Requests to go green as currently there is an issue with gettingstatuses from the PR, see https://github.com/jenkins-x/**/issues/2410
WARNING: No $CHART_REPOSITORY defined so using the default value of: http://jenkins-x-chartmuseum:8080
Promoting app nodey460 version 1.0.10 to namespace **-staging
WARNING: could not find upstream git URL failed to unmarshal  due to no GitConfDir defined
pushed merged branch promote-nodey460-1.0.10
Created Pull Request: https://github.com/cb-kubecd/environment-bootv3-scratch2-staging/pull/11
Added label updatebot to Pull Request https://github.com/cb-kubecd/environment-bootv3-scratch2-staging/pull/11
WARNING: Failed to query the Pull Request last commit status for https://github.com/cb-kubecd/environment-bootv3-scratch2-staging/pull/11 ref 6bf10647cc871e4be0072b6375bdf9bd6905c024 Could not find a status for repository cb-kubecd/environment-bootv3-scratch2-staging with ref 6bf10647cc871e4be0072b6375bdf9bd6905c024
got git provider status pending from PR https://github.com/cb-kubecd/environment-bootv3-scratch2-staging/pull/11
got git provider status pending from PR https://github.com/cb-kubecd/environment-bootv3-scratch2-staging/pull/11
got git provider status pending from PR https://github.com/cb-kubecd/environment-bootv3-scratch2-staging/pull/11
got git provider status pending from PR https://github.com/cb-kubecd/environment-bootv3-scratch2-staging/pull/11
got git provider status pending from PR https://github.com/cb-kubecd/environment-bootv3-scratch2-staging/pull/11
got git provider status pending from PR https://github.com/cb-kubecd/environment-bootv3-scratch2-staging/pull/11
got git provider status pending from PR https://github.com/cb-kubecd/environment-bootv3-scratch2-staging/pull/11
got git provider status pending from PR https://github.com/cb-kubecd/environment-bootv3-scratch2-staging/pull/11
got git provider status pending from PR https://github.com/cb-kubecd/environment-bootv3-scratch2-staging/pull/11
got git provider status pending from PR https://github.com/cb-kubecd/environment-bootv3-scratch2-staging/pull/11
got git provider status pending from PR https://github.com/cb-kubecd/environment-bootv3-scratch2-staging/pull/11
got git provider status pending from PR https://github.com/cb-kubecd/environment-bootv3-scratch2-staging/pull/11
got git provider status pending from PR https://github.com/cb-kubecd/environment-bootv3-scratch2-staging/pull/11
got git provider status pending from PR https://github.com/cb-kubecd/environment-bootv3-scratch2-staging/pull/11
got git provider status pending from PR https://github.com/cb-kubecd/environment-bootv3-scratch2-staging/pull/11
got git provider status pending from PR https://github.com/cb-kubecd/environment-bootv3-scratch2-staging/pull/11
got git provider status pending from PR https://github.com/cb-kubecd/environment-bootv3-scratch2-staging/pull/11
got git provider status pending from PR https://github.com/cb-kubecd/environment-bootv3-scratch2-staging/pull/11
got git provider status pending from PR https://github.com/cb-kubecd/environment-bootv3-scratch2-staging/pull/11
got git provider status pending from PR https://github.com/cb-kubecd/environment-bootv3-scratch2-staging/pull/11
got git provider status pending from PR https://github.com/cb-kubecd/environment-bootv3-scratch2-staging/pull/11
got git provider status pending from PR https://github.com/cb-kubecd/environment-bootv3-scratch2-staging/pull/11
got git provider status pending from PR https://github.com/cb-kubecd/environment-bootv3-scratch2-staging/pull/11
got git provider status pending from PR https://github.com/cb-kubecd/environment-bootv3-scratch2-staging/pull/11
got git provider status pending from PR https://github.com/cb-kubecd/environment-bootv3-scratch2-staging/pull/11
got git provider status pending from PR https://github.com/cb-kubecd/environment-bootv3-scratch2-staging/pull/11
got git provider status pending from PR https://github.com/cb-kubecd/environment-bootv3-scratch2-staging/pull/11
got git provider status pending from PR https://github.com/cb-kubecd/environment-bootv3-scratch2-staging/pull/11
got git provider status pending from PR https://github.com/cb-kubecd/environment-bootv3-scratch2-staging/pull/11
got git provider status pending from PR https://github.com/cb-kubecd/environment-bootv3-scratch2-staging/pull/11
got git provider status pending from PR https://github.com/cb-kubecd/environment-bootv3-scratch2-staging/pull/11
got git provider status pending from PR https://github.com/cb-kubecd/environment-bootv3-scratch2-staging/pull/11
got git provider status pending from PR https://github.com/cb-kubecd/environment-bootv3-scratch2-staging/pull/11
got git provider status pending from PR https://github.com/cb-kubecd/environment-bootv3-scratch2-staging/pull/11
got git provider status pending from PR https://github.com/cb-kubecd/environment-bootv3-scratch2-staging/pull/11
got git provider status pending from PR https://github.com/cb-kubecd/environment-bootv3-scratch2-staging/pull/11
got git provider status pending from PR https://github.com/cb-kubecd/environment-bootv3-scratch2-staging/pull/11
got git provider status pending from PR https://github.com/cb-kubecd/environment-bootv3-scratch2-staging/pull/11
got git provider status pending from PR https://github.com/cb-kubecd/environment-bootv3-scratch2-staging/pull/11
got git provider status pending from PR https://github.com/cb-kubecd/environment-bootv3-scratch2-staging/pull/11
got git provider status pending from PR https://github.com/cb-kubecd/environment-bootv3-scratch2-staging/pull/11
got git provider status pending from PR https://github.com/cb-kubecd/environment-bootv3-scratch2-staging/pull/11
got git provider status pending from PR https://github.com/cb-kubecd/environment-bootv3-scratch2-staging/pull/11
got git provider status pending from PR https://github.com/cb-kubecd/environment-bootv3-scratch2-staging/pull/11
got git provider status pending from PR https://github.com/cb-kubecd/environment-bootv3-scratch2-staging/pull/11
got git provider status pending from PR https://github.com/cb-kubecd/environment-bootv3-scratch2-staging/pull/11
got git provider status pending from PR https://github.com/cb-kubecd/environment-bootv3-scratch2-staging/pull/11
got git provider status pending from PR https://github.com/cb-kubecd/environment-bootv3-scratch2-staging/pull/11
got git provider status pending from PR https://github.com/cb-kubecd/environment-bootv3-scratch2-staging/pull/11
got git provider status pending from PR https://github.com/cb-kubecd/environment-bootv3-scratch2-staging/pull/11
got git provider status pending from PR https://github.com/cb-kubecd/environment-bootv3-scratch2-staging/pull/11
got git provider status pending from PR https://github.com/cb-kubecd/environment-bootv3-scratch2-staging/pull/11
got git provider status pending from PR https://github.com/cb-kubecd/environment-bootv3-scratch2-staging/pull/11
got git provider status pending from PR https://github.com/cb-kubecd/environment-bootv3-scratch2-staging/pull/11
got git provider status pending from PR https://github.com/cb-kubecd/environment-bootv3-scratch2-staging/pull/11
got git provider status pending from PR https://github.com/cb-kubecd/environment-bootv3-scratch2-staging/pull/11
got git provider status pending from PR https://github.com/cb-kubecd/environment-bootv3-scratch2-staging/pull/11
got git provider status pending from PR https://github.com/cb-kubecd/environment-bootv3-scratch2-staging/pull/11
got git provider status pending from PR https://github.com/cb-kubecd/environment-bootv3-scratch2-staging/pull/11
got git provider status pending from PR https://github.com/cb-kubecd/environment-bootv3-scratch2-staging/pull/11
got git provider status pending from PR https://github.com/cb-kubecd/environment-bootv3-scratch2-staging/pull/11
got git provider status pending from PR https://github.com/cb-kubecd/environment-bootv3-scratch2-staging/pull/11
got git provider status pending from PR https://github.com/cb-kubecd/environment-bootv3-scratch2-staging/pull/11
got git provider status pending from PR https://github.com/cb-kubecd/environment-bootv3-scratch2-staging/pull/11
got git provider status pending from PR https://github.com/cb-kubecd/environment-bootv3-scratch2-staging/pull/11
got git provider status pending from PR https://github.com/cb-kubecd/environment-bootv3-scratch2-staging/pull/11
got git provider status pending from PR https://github.com/cb-kubecd/environment-bootv3-scratch2-staging/pull/11
got git provider status pending from PR https://github.com/cb-kubecd/environment-bootv3-scratch2-staging/pull/11
got git provider status pending from PR https://github.com/cb-kubecd/environment-bootv3-scratch2-staging/pull/11
got git provider status pending from PR https://github.com/cb-kubecd/environment-bootv3-scratch2-staging/pull/11
got git provider status pending from PR https://github.com/cb-kubecd/environment-bootv3-scratch2-staging/pull/11
got git provider status pending from PR https://github.com/cb-kubecd/environment-bootv3-scratch2-staging/pull/11
got git provider status pending from PR https://github.com/cb-kubecd/environment-bootv3-scratch2-staging/pull/11
got git provider status pending from PR https://github.com/cb-kubecd/environment-bootv3-scratch2-staging/pull/11
got git provider status pending from PR https://github.com/cb-kubecd/environment-bootv3-scratch2-staging/pull/11
got git provider status pending from PR https://github.com/cb-kubecd/environment-bootv3-scratch2-staging/pull/11
got git provider status pending from PR https://github.com/cb-kubecd/environment-bootv3-scratch2-staging/pull/11
got git provider status pending from PR https://github.com/cb-kubecd/environment-bootv3-scratch2-staging/pull/11
got git provider status pending from PR https://github.com/cb-kubecd/environment-bootv3-scratch2-staging/pull/11
got git provider status pending from PR https://github.com/cb-kubecd/environment-bootv3-scratch2-staging/pull/11
got git provider status pending from PR https://github.com/cb-kubecd/environment-bootv3-scratch2-staging/pull/11
got git provider status pending from PR https://github.com/cb-kubecd/environment-bootv3-scratch2-staging/pull/11
got git provider status pending from PR https://github.com/cb-kubecd/environment-bootv3-scratch2-staging/pull/11
got git provider status pending from PR https://github.com/cb-kubecd/environment-bootv3-scratch2-staging/pull/11
got git provider status pending from PR https://github.com/cb-kubecd/environment-bootv3-scratch2-staging/pull/11
got git provider status pending from PR https://github.com/cb-kubecd/environment-bootv3-scratch2-staging/pull/11
got git provider status pending from PR https://github.com/cb-kubecd/environment-bootv3-scratch2-staging/pull/11
got git provider status pending from PR https://github.com/cb-kubecd/environment-bootv3-scratch2-staging/pull/11
got git provider status pending from PR https://github.com/cb-kubecd/environment-bootv3-scratch2-staging/pull/11
got git provider status pending from PR https://github.com/cb-kubecd/environment-bootv3-scratch2-staging/pull/11
got git provider status pending from PR https://github.com/cb-kubecd/environment-bootv3-scratch2-staging/pull/11
got git provider status pending from PR https://github.com/cb-kubecd/environment-bootv3-scratch2-staging/pull/11
got git provider status pending from PR https://github.com/cb-kubecd/environment-bootv3-scratch2-staging/pull/11
got git provider status pending from PR https://github.com/cb-kubecd/environment-bootv3-scratch2-staging/pull/11
got git provider status pending from PR https://github.com/cb-kubecd/environment-bootv3-scratch2-staging/pull/11
got git provider status pending from PR https://github.com/cb-kubecd/environment-bootv3-scratch2-staging/pull/11
got git provider status pending from PR https://github.com/cb-kubecd/environment-bootv3-scratch2-staging/pull/11
got git provider status pending from PR https://github.com/cb-kubecd/environment-bootv3-scratch2-staging/pull/11
got git provider status pending from PR https://github.com/cb-kubecd/environment-bootv3-scratch2-staging/pull/11
got git provider status pending from PR https://github.com/cb-kubecd/environment-bootv3-scratch2-staging/pull/11
got git provider status pending from PR https://github.com/cb-kubecd/environment-bootv3-scratch2-staging/pull/11
got git provider status pending from PR https://github.com/cb-kubecd/environment-bootv3-scratch2-staging/pull/11
got git provider status pending from PR https://github.com/cb-kubecd/environment-bootv3-scratch2-staging/pull/11
got git provider status pending from PR https://github.com/cb-kubecd/environment-bootv3-scratch2-staging/pull/11
got git provider status pending from PR https://github.com/cb-kubecd/environment-bootv3-scratch2-staging/pull/11
got git provider status pending from PR https://github.com/cb-kubecd/environment-bootv3-scratch2-staging/pull/11
got git provider status pending from PR https://github.com/cb-kubecd/environment-bootv3-scratch2-staging/pull/11
got git provider status pending from PR https://github.com/cb-kubecd/environment-bootv3-scratch2-staging/pull/11
got git provider status pending from PR https://github.com/cb-kubecd/environment-bootv3-scratch2-staging/pull/11
got git provider status pending from PR https://github.com/cb-kubecd/environment-bootv3-scratch2-staging/pull/11
got git provider status pending from PR https://github.com/cb-kubecd/environment-bootv3-scratch2-staging/pull/11
got git provider status pending from PR https://github.com/cb-kubecd/environment-bootv3-scratch2-staging/pull/11
got git provider status pending from PR https://github.com/cb-kubecd/environment-bootv3-scratch2-staging/pull/11
got git provider status pending from PR https://github.com/cb-kubecd/environment-bootv3-scratch2-staging/pull/11
got git provider status pending from PR https://github.com/cb-kubecd/environment-bootv3-scratch2-staging/pull/11
got git provider status pending from PR https://github.com/cb-kubecd/environment-bootv3-scratch2-staging/pull/11
got git provider status pending from PR https://github.com/cb-kubecd/environment-bootv3-scratch2-staging/pull/11
got git provider status pending from PR https://github.com/cb-kubecd/environment-bootv3-scratch2-staging/pull/11
got git provider status pending from PR https://github.com/cb-kubecd/environment-bootv3-scratch2-staging/pull/11
got git provider status pending from PR https://github.com/cb-kubecd/environment-bootv3-scratch2-staging/pull/11
got git provider status pending from PR https://github.com/cb-kubecd/environment-bootv3-scratch2-staging/pull/11
got git provider status pending from PR https://github.com/cb-kubecd/environment-bootv3-scratch2-staging/pull/11
got git provider status pending from PR https://github.com/cb-kubecd/environment-bootv3-scratch2-staging/pull/11
got git provider status pending from PR https://github.com/cb-kubecd/environment-bootv3-scratch2-staging/pull/11
got git provider status pending from PR https://github.com/cb-kubecd/environment-bootv3-scratch2-staging/pull/11
got git provider status pending from PR https://github.com/cb-kubecd/environment-bootv3-scratch2-staging/pull/11
got git provider status pending from PR https://github.com/cb-kubecd/environment-bootv3-scratch2-staging/pull/11
got git provider status pending from PR https://github.com/cb-kubecd/environment-bootv3-scratch2-staging/pull/11
got git provider status pending from PR https://github.com/cb-kubecd/environment-bootv3-scratch2-staging/pull/11
got git provider status pending from PR https://github.com/cb-kubecd/environment-bootv3-scratch2-staging/pull/11
got git provider status pending from PR https://github.com/cb-kubecd/environment-bootv3-scratch2-staging/pull/11
got git provider status pending from PR https://github.com/cb-kubecd/environment-bootv3-scratch2-staging/pull/11
got git provider status pending from PR https://github.com/cb-kubecd/environment-bootv3-scratch2-staging/pull/11
got git provider status pending from PR https://github.com/cb-kubecd/environment-bootv3-scratch2-staging/pull/11
got git provider status pending from PR https://github.com/cb-kubecd/environment-bootv3-scratch2-staging/pull/11
got git provider status pending from PR https://github.com/cb-kubecd/environment-bootv3-scratch2-staging/pull/11
got git provider status pending from PR https://github.com/cb-kubecd/environment-bootv3-scratch2-staging/pull/11
got git provider status pending from PR https://github.com/cb-kubecd/environment-bootv3-scratch2-staging/pull/11
got git provider status pending from PR https://github.com/cb-kubecd/environment-bootv3-scratch2-staging/pull/11
got git provider status pending from PR https://github.com/cb-kubecd/environment-bootv3-scratch2-staging/pull/11
got git provider status pending from PR https://github.com/cb-kubecd/environment-bootv3-scratch2-staging/pull/11
got git provider status pending from PR https://github.com/cb-kubecd/environment-bootv3-scratch2-staging/pull/11
got git provider status pending from PR https://github.com/cb-kubecd/environment-bootv3-scratch2-staging/pull/11
got git provider status pending from PR https://github.com/cb-kubecd/environment-bootv3-scratch2-staging/pull/11
got git provider status pending from PR https://github.com/cb-kubecd/environment-bootv3-scratch2-staging/pull/11
got git provider status pending from PR https://github.com/cb-kubecd/environment-bootv3-scratch2-staging/pull/11
got git provider status pending from PR https://github.com/cb-kubecd/environment-bootv3-scratch2-staging/pull/11
got git provider status pending from PR https://github.com/cb-kubecd/environment-bootv3-scratch2-staging/pull/11
got git provider status pending from PR https://github.com/cb-kubecd/environment-bootv3-scratch2-staging/pull/11
got git provider status pending from PR https://github.com/cb-kubecd/environment-bootv3-scratch2-staging/pull/11
got git provider status pending from PR https://github.com/cb-kubecd/environment-bootv3-scratch2-staging/pull/11
got git provider status pending from PR https://github.com/cb-kubecd/environment-bootv3-scratch2-staging/pull/11
got git provider status pending from PR https://github.com/cb-kubecd/environment-bootv3-scratch2-staging/pull/11
got git provider status pending from PR https://github.com/cb-kubecd/environment-bootv3-scratch2-staging/pull/11
got git provider status pending from PR https://github.com/cb-kubecd/environment-bootv3-scratch2-staging/pull/11
got git provider status pending from PR https://github.com/cb-kubecd/environment-bootv3-scratch2-staging/pull/11
got git provider status pending from PR https://github.com/cb-kubecd/environment-bootv3-scratch2-staging/pull/11
got git provider status pending from PR https://github.com/cb-kubecd/environment-bootv3-scratch2-staging/pull/11
got git provider status pending from PR https://github.com/cb-kubecd/environment-bootv3-scratch2-staging/pull/11
got git provider status pending from PR https://github.com/cb-kubecd/environment-bootv3-scratch2-staging/pull/11
got git provider status pending from PR https://github.com/cb-kubecd/environment-bootv3-scratch2-staging/pull/11
got git provider status pending from PR https://github.com/cb-kubecd/environment-bootv3-scratch2-staging/pull/11
got git provider status pending from PR https://github.com/cb-kubecd/environment-bootv3-scratch2-staging/pull/11
got git provider status pending from PR https://github.com/cb-kubecd/environment-bootv3-scratch2-staging/pull/11
got git provider status pending from PR https://github.com/cb-kubecd/environment-bootv3-scratch2-staging/pull/11
got git provider status pending from PR https://github.com/cb-kubecd/environment-bootv3-scratch2-staging/pull/11
got git provider status pending from PR https://github.com/cb-kubecd/environment-bootv3-scratch2-staging/pull/11
got git provider status pending from PR https://github.com/cb-kubecd/environment-bootv3-scratch2-staging/pull/11
got git provider status pending from PR https://github.com/cb-kubecd/environment-bootv3-scratch2-staging/pull/11
got git provider status pending from PR https://github.com/cb-kubecd/environment-bootv3-scratch2-staging/pull/11
got git provider status pending from PR https://github.com/cb-kubecd/environment-bootv3-scratch2-staging/pull/11
got git provider status pending from PR https://github.com/cb-kubecd/environment-bootv3-scratch2-staging/pull/11
got git provider status pending from PR https://github.com/cb-kubecd/environment-bootv3-scratch2-staging/pull/11
got git provider status pending from PR https://github.com/cb-kubecd/environment-bootv3-scratch2-staging/pull/11
got git provider status pending from PR https://github.com/cb-kubecd/environment-bootv3-scratch2-staging/pull/11
error: Timed out waiting for pull request https://github.com/cb-kubecd/environment-bootv3-scratch2-staging/pull/11 to merge. Waited 1h0m0s
[31m
Pipeline failed on stage 'from-build-pack' : container 'step-promote-jx-promote'. The execution of the pipeline has stopped.[0m
